CRITICAL - 2022-07-13 21:01:09 --> validateUser is not a valid rule.
in SYSTEMPATH\Validation\Validation.php on line 314.
 1 SYSTEMPATH\Validation\Validation.php(314): CodeIgniter\Validation\Exceptions\ValidationException::forRuleNotFound('validateUser')
 2 SYSTEMPATH\Validation\Validation.php(173): CodeIgniter\Validation\Validation->processRules('password', 'password', 'password', [...], [...])
 3 SYSTEMPATH\Controller.php(140): CodeIgniter\Validation\Validation->run()
 4 APPPATH\Controllers\Users.php(34): CodeIgniter\Controller->validate([...], [...])
 5 SYSTEMPATH\CodeIgniter.php(896): App\Controllers\Users->index()
 6 SYSTEMPATH\CodeIgniter.php(466): CodeIgniter\CodeIgniter->runController(Object(App\Controllers\Users))
 7 SYSTEMPATH\CodeIgniter.php(349): CodeIgniter\CodeIgniter->handleRequest(null, Object(Config\Cache), false)
 8 FCPATH\index.php(55): CodeIgniter\CodeIgniter->run()
CRITICAL - 2022-07-13 21:20:56 --> Invalid file: page_verifikasi.php
in SYSTEMPATH\Exceptions\FrameworkException.php on line 33.
 1 SYSTEMPATH\View\View.php(201): CodeIgniter\Exceptions\FrameworkException::forInvalidFile('page_verifikasi.php')
 2 SYSTEMPATH\Common.php(1135): CodeIgniter\View\View->render('page_verifikasi', [], true)
 3 APPPATH\Controllers\Users.php(107): view('page_verifikasi', [...])
 4 SYSTEMPATH\CodeIgniter.php(896): App\Controllers\Users->register()
 5 SYSTEMPATH\CodeIgniter.php(466): CodeIgniter\CodeIgniter->runController(Object(App\Controllers\Users))
 6 SYSTEMPATH\CodeIgniter.php(349): CodeIgniter\CodeIgniter->handleRequest(null, Object(Config\Cache), false)
 7 FCPATH\index.php(55): CodeIgniter\CodeIgniter->run()
CRITICAL - 2022-07-13 21:56:59 --> Undefined variable: data
in APPPATH\Views\profil.php on line 126.
 1 APPPATH\Views\profil.php(126): CodeIgniter\Debug\Exceptions->errorHandler(8, 'Undefined variable: data', 'APPPATH\\Views\\profil.php', 126, [])
 2 SYSTEMPATH\View\View.php(213): include('APPPATH\\Views\\profil.php')
 3 SYSTEMPATH\View\View.php(216): CodeIgniter\View\View->CodeIgniter\View\{closure}()
 4 SYSTEMPATH\Common.php(1135): CodeIgniter\View\View->render('profil', [], true)
 5 APPPATH\Controllers\Home.php(40): view('profil')
 6 SYSTEMPATH\CodeIgniter.php(896): App\Controllers\Home->profil()
 7 SYSTEMPATH\CodeIgniter.php(466): CodeIgniter\CodeIgniter->runController(Object(App\Controllers\Home))
 8 SYSTEMPATH\CodeIgniter.php(349): CodeIgniter\CodeIgniter->handleRequest(null, Object(Config\Cache), false)
 9 FCPATH\index.php(55): CodeIgniter\CodeIgniter->run()
CRITICAL - 2022-07-13 21:57:17 --> Undefined variable: data
in APPPATH\Views\profil.php on line 126.
 1 APPPATH\Views\profil.php(126): CodeIgniter\Debug\Exceptions->errorHandler(8, 'Undefined variable: data', 'APPPATH\\Views\\profil.php', 126, [])
 2 SYSTEMPATH\View\View.php(213): include('APPPATH\\Views\\profil.php')
 3 SYSTEMPATH\View\View.php(216): CodeIgniter\View\View->CodeIgniter\View\{closure}()
 4 SYSTEMPATH\Common.php(1135): CodeIgniter\View\View->render('profil', [], true)
 5 APPPATH\Controllers\Home.php(40): view('profil')
 6 SYSTEMPATH\CodeIgniter.php(896): App\Controllers\Home->profil()
 7 SYSTEMPATH\CodeIgniter.php(466): CodeIgniter\CodeIgniter->runController(Object(App\Controllers\Home))
 8 SYSTEMPATH\CodeIgniter.php(349): CodeIgniter\CodeIgniter->handleRequest(null, Object(Config\Cache), false)
 9 FCPATH\index.php(55): CodeIgniter\CodeIgniter->run()
CRITICAL - 2022-07-13 21:57:22 --> Undefined variable: data
in APPPATH\Views\profil.php on line 126.
 1 APPPATH\Views\profil.php(126): CodeIgniter\Debug\Exceptions->errorHandler(8, 'Undefined variable: data', 'APPPATH\\Views\\profil.php', 126, [])
 2 SYSTEMPATH\View\View.php(213): include('APPPATH\\Views\\profil.php')
 3 SYSTEMPATH\View\View.php(216): CodeIgniter\View\View->CodeIgniter\View\{closure}()
 4 SYSTEMPATH\Common.php(1135): CodeIgniter\View\View->render('profil', [], true)
 5 APPPATH\Controllers\Home.php(40): view('profil')
 6 SYSTEMPATH\CodeIgniter.php(896): App\Controllers\Home->profil()
 7 SYSTEMPATH\CodeIgniter.php(466): CodeIgniter\CodeIgniter->runController(Object(App\Controllers\Home))
 8 SYSTEMPATH\CodeIgniter.php(349): CodeIgniter\CodeIgniter->handleRequest(null, Object(Config\Cache), false)
 9 FCPATH\index.php(55): CodeIgniter\CodeIgniter->run()
CRITICAL - 2022-07-13 21:57:41 --> DateTime::diff() expects parameter 1 to be DateTimeInterface, string given
in APPPATH\Views\profil.php on line 137.
 1 [internal function]: CodeIgniter\Debug\Exceptions->errorHandler(2, 'DateTime::diff() expects parameter 1 to be DateTimeInterface, string given', 'APPPATH\\Views\\profil.php', 137, [...])
 2 APPPATH\Views\profil.php(137): DateTime->diff('2022-07-08')
 3 SYSTEMPATH\View\View.php(213): include('APPPATH\\Views\\profil.php')
 4 SYSTEMPATH\View\View.php(216): CodeIgniter\View\View->CodeIgniter\View\{closure}()
 5 SYSTEMPATH\Common.php(1135): CodeIgniter\View\View->render('profil', [], true)
 6 APPPATH\Controllers\Anak.php(29): view('profil', [...])
 7 SYSTEMPATH\CodeIgniter.php(896): App\Controllers\Anak->index()
 8 SYSTEMPATH\CodeIgniter.php(466): CodeIgniter\CodeIgniter->runController(Object(App\Controllers\Anak))
 9 SYSTEMPATH\CodeIgniter.php(349): CodeIgniter\CodeIgniter->handleRequest(null, Object(Config\Cache), false)
10 FCPATH\index.php(55): CodeIgniter\CodeIgniter->run()
CRITICAL - 2022-07-13 21:59:24 --> Array to string conversion
in APPPATH\Views\profil.php on line 137.
 1 APPPATH\Views\profil.php(137): CodeIgniter\Debug\Exceptions->errorHandler(8, 'Array to string conversion', 'APPPATH\\Views\\profil.php', 137, [...])
 2 SYSTEMPATH\View\View.php(213): include('APPPATH\\Views\\profil.php')
 3 SYSTEMPATH\View\View.php(216): CodeIgniter\View\View->CodeIgniter\View\{closure}()
 4 SYSTEMPATH\Common.php(1135): CodeIgniter\View\View->render('profil', [], true)
 5 APPPATH\Controllers\Anak.php(29): view('profil', [...])
 6 SYSTEMPATH\CodeIgniter.php(896): App\Controllers\Anak->index()
 7 SYSTEMPATH\CodeIgniter.php(466): CodeIgniter\CodeIgniter->runController(Object(App\Controllers\Anak))
 8 SYSTEMPATH\CodeIgniter.php(349): CodeIgniter\CodeIgniter->handleRequest(null, Object(Config\Cache), false)
 9 FCPATH\index.php(55): CodeIgniter\CodeIgniter->run()
CRITICAL - 2022-07-13 22:00:40 --> DateTime::diff() expects parameter 1 to be DateTimeInterface, string given
in APPPATH\Views\profil.php on line 137.
 1 [internal function]: CodeIgniter\Debug\Exceptions->errorHandler(2, 'DateTime::diff() expects parameter 1 to be DateTimeInterface, string given', 'APPPATH\\Views\\profil.php', 137, [...])
 2 APPPATH\Views\profil.php(137): DateTime->diff('2022-07-08')
 3 SYSTEMPATH\View\View.php(213): include('APPPATH\\Views\\profil.php')
 4 SYSTEMPATH\View\View.php(216): CodeIgniter\View\View->CodeIgniter\View\{closure}()
 5 SYSTEMPATH\Common.php(1135): CodeIgniter\View\View->render('profil', [], true)
 6 APPPATH\Controllers\Anak.php(29): view('profil', [...])
 7 SYSTEMPATH\CodeIgniter.php(896): App\Controllers\Anak->index()
 8 SYSTEMPATH\CodeIgniter.php(466): CodeIgniter\CodeIgniter->runController(Object(App\Controllers\Anak))
 9 SYSTEMPATH\CodeIgniter.php(349): CodeIgniter\CodeIgniter->handleRequest(null, Object(Config\Cache), false)
10 FCPATH\index.php(55): CodeIgniter\CodeIgniter->run()
CRITICAL - 2022-07-13 22:05:10 --> Undefined variable: check
in APPPATH\Views\profil.php on line 137.
 1 APPPATH\Views\profil.php(137): CodeIgniter\Debug\Exceptions->errorHandler(8, 'Undefined variable: check', 'APPPATH\\Views\\profil.php', 137, [...])
 2 SYSTEMPATH\View\View.php(213): include('APPPATH\\Views\\profil.php')
 3 SYSTEMPATH\View\View.php(216): CodeIgniter\View\View->CodeIgniter\View\{closure}()
 4 SYSTEMPATH\Common.php(1135): CodeIgniter\View\View->render('profil', [], true)
 5 APPPATH\Controllers\Anak.php(29): view('profil', [...])
 6 SYSTEMPATH\CodeIgniter.php(896): App\Controllers\Anak->index()
 7 SYSTEMPATH\CodeIgniter.php(466): CodeIgniter\CodeIgniter->runController(Object(App\Controllers\Anak))
 8 SYSTEMPATH\CodeIgniter.php(349): CodeIgniter\CodeIgniter->handleRequest(null, Object(Config\Cache), false)
 9 FCPATH\index.php(55): CodeIgniter\CodeIgniter->run()
CRITICAL - 2022-07-13 23:06:19 --> Undefined variable: bake
in APPPATH\Views\profil.php on line 136.
 1 APPPATH\Views\profil.php(136): CodeIgniter\Debug\Exceptions->errorHandler(8, 'Undefined variable: bake', 'APPPATH\\Views\\profil.php', 136, [...])
 2 SYSTEMPATH\View\View.php(213): include('APPPATH\\Views\\profil.php')
 3 SYSTEMPATH\View\View.php(216): CodeIgniter\View\View->CodeIgniter\View\{closure}()
 4 SYSTEMPATH\Common.php(1135): CodeIgniter\View\View->render('profil', [], true)
 5 APPPATH\Controllers\Anak.php(29): view('profil', [...])
 6 SYSTEMPATH\CodeIgniter.php(896): App\Controllers\Anak->index()
 7 SYSTEMPATH\CodeIgniter.php(466): CodeIgniter\CodeIgniter->runController(Object(App\Controllers\Anak))
 8 SYSTEMPATH\CodeIgniter.php(349): CodeIgniter\CodeIgniter->handleRequest(null, Object(Config\Cache), false)
 9 FCPATH\index.php(55): CodeIgniter\CodeIgniter->run()
CRITICAL - 2022-07-13 23:12:45 --> auth filter must have a matching alias defined.
in SYSTEMPATH\Filters\Filters.php on line 340.
 1 SYSTEMPATH\Filters\Filters.php(340): CodeIgniter\Filters\Exceptions\FilterException::forNoAlias('auth')
 2 SYSTEMPATH\CodeIgniter.php(431): CodeIgniter\Filters\Filters->enableFilter('auth', 'before')
 3 SYSTEMPATH\CodeIgniter.php(349): CodeIgniter\CodeIgniter->handleRequest(null, Object(Config\Cache), false)
 4 FCPATH\index.php(55): CodeIgniter\CodeIgniter->run()
CRITICAL - 2022-07-13 23:13:44 --> Invalid file: try/page5_dataeditanak.php
in SYSTEMPATH\Exceptions\FrameworkException.php on line 33.
 1 SYSTEMPATH\View\View.php(201): CodeIgniter\Exceptions\FrameworkException::forInvalidFile('try/page5_dataeditanak.php')
 2 SYSTEMPATH\Common.php(1135): CodeIgniter\View\View->render('try/page5_dataeditanak', [], true)
 3 APPPATH\Controllers\Anak.php(148): view('try/page5_dataeditanak', [...])
 4 SYSTEMPATH\CodeIgniter.php(896): App\Controllers\Anak->edit('1')
 5 SYSTEMPATH\CodeIgniter.php(466): CodeIgniter\CodeIgniter->runController(Object(App\Controllers\Anak))
 6 SYSTEMPATH\CodeIgniter.php(349): CodeIgniter\CodeIgniter->handleRequest(null, Object(Config\Cache), false)
 7 FCPATH\index.php(55): CodeIgniter\CodeIgniter->run()
