CRITICAL - 2022-08-29 08:49:33 --> Undefined variable: css
in APPPATH\Views\layout\header.php on line 11.
 1 APPPATH\Views\layout\header.php(11): CodeIgniter\Debug\Exceptions->errorHandler(8, 'Undefined variable: css', 'APPPATH\\Views\\layout\\header.php', 11, [])
 2 SYSTEMPATH\View\View.php(213): include('APPPATH\\Views\\layout\\header.php')
 3 SYSTEMPATH\View\View.php(216): CodeIgniter\View\View->CodeIgniter\View\{closure}()
 4 SYSTEMPATH\View\View.php(429): CodeIgniter\View\View->render('layout/header', null, true)
 5 APPPATH\Views\blog.php(1): CodeIgniter\View\View->include('layout/header')
 6 SYSTEMPATH\View\View.php(213): include('APPPATH\\Views\\blog.php')
 7 SYSTEMPATH\View\View.php(216): CodeIgniter\View\View->CodeIgniter\View\{closure}()
 8 SYSTEMPATH\Common.php(1135): CodeIgniter\View\View->render('blog', [], true)
 9 APPPATH\Controllers\Blog.php(20): view('blog', [])
10 SYSTEMPATH\CodeIgniter.php(896): App\Controllers\Blog->index()
11 SYSTEMPATH\CodeIgniter.php(466): CodeIgniter\CodeIgniter->runController(Object(App\Controllers\Blog))
12 SYSTEMPATH\CodeIgniter.php(349): CodeIgniter\CodeIgniter->handleRequest(null, Object(Config\Cache), false)
13 FCPATH\index.php(55): CodeIgniter\CodeIgniter->run()
CRITICAL - 2022-08-29 08:52:17 --> Undefined variable: data
in APPPATH\Views\blog.php on line 7.
 1 APPPATH\Views\blog.php(7): CodeIgniter\Debug\Exceptions->errorHandler(8, 'Undefined variable: data', 'APPPATH\\Views\\blog.php', 7, [...])
 2 SYSTEMPATH\View\View.php(213): include('APPPATH\\Views\\blog.php')
 3 SYSTEMPATH\View\View.php(216): CodeIgniter\View\View->CodeIgniter\View\{closure}()
 4 SYSTEMPATH\Common.php(1135): CodeIgniter\View\View->render('blog', [], true)
 5 APPPATH\Controllers\Blog.php(22): view('blog', [...])
 6 SYSTEMPATH\CodeIgniter.php(896): App\Controllers\Blog->index()
 7 SYSTEMPATH\CodeIgniter.php(466): CodeIgniter\CodeIgniter->runController(Object(App\Controllers\Blog))
 8 SYSTEMPATH\CodeIgniter.php(349): CodeIgniter\CodeIgniter->handleRequest(null, Object(Config\Cache), false)
 9 FCPATH\index.php(55): CodeIgniter\CodeIgniter->run()
