CRITICAL - 2022-07-11 00:00:32 --> Invalid file: datanak.php
in SYSTEMPATH\Exceptions\FrameworkException.php on line 33.
 1 SYSTEMPATH\View\View.php(201): CodeIgniter\Exceptions\FrameworkException::forInvalidFile('datanak.php')
 2 SYSTEMPATH\Common.php(1135): CodeIgniter\View\View->render('datanak', [], true)
 3 APPPATH\Controllers\Home.php(52): view('datanak')
 4 SYSTEMPATH\CodeIgniter.php(896): App\Controllers\Home->datanak()
 5 SYSTEMPATH\CodeIgniter.php(466): CodeIgniter\CodeIgniter->runController(Object(App\Controllers\Home))
 6 SYSTEMPATH\CodeIgniter.php(349): CodeIgniter\CodeIgniter->handleRequest(null, Object(Config\Cache), false)
 7 FCPATH\index.php(55): CodeIgniter\CodeIgniter->run()
 8 SYSTEMPATH\Commands\Server\rewrite.php(43): require_once('FCPATH\\index.php')
CRITICAL - 2022-07-11 00:00:52 --> Invalid file: datanak.php
in SYSTEMPATH\Exceptions\FrameworkException.php on line 33.
 1 SYSTEMPATH\View\View.php(201): CodeIgniter\Exceptions\FrameworkException::forInvalidFile('datanak.php')
 2 SYSTEMPATH\Common.php(1135): CodeIgniter\View\View->render('datanak', [], true)
 3 APPPATH\Controllers\Home.php(52): view('datanak')
 4 SYSTEMPATH\CodeIgniter.php(896): App\Controllers\Home->datanak()
 5 SYSTEMPATH\CodeIgniter.php(466): CodeIgniter\CodeIgniter->runController(Object(App\Controllers\Home))
 6 SYSTEMPATH\CodeIgniter.php(349): CodeIgniter\CodeIgniter->handleRequest(null, Object(Config\Cache), false)
 7 FCPATH\index.php(55): CodeIgniter\CodeIgniter->run()
 8 SYSTEMPATH\Commands\Server\rewrite.php(43): require_once('FCPATH\\index.php')
CRITICAL - 2022-07-11 00:01:32 --> Invalid file: datanak.php
in SYSTEMPATH\Exceptions\FrameworkException.php on line 33.
 1 SYSTEMPATH\View\View.php(201): CodeIgniter\Exceptions\FrameworkException::forInvalidFile('datanak.php')
 2 SYSTEMPATH\Common.php(1135): CodeIgniter\View\View->render('datanak', [], true)
 3 APPPATH\Controllers\Home.php(52): view('datanak')
 4 SYSTEMPATH\CodeIgniter.php(896): App\Controllers\Home->datanak()
 5 SYSTEMPATH\CodeIgniter.php(466): CodeIgniter\CodeIgniter->runController(Object(App\Controllers\Home))
 6 SYSTEMPATH\CodeIgniter.php(349): CodeIgniter\CodeIgniter->handleRequest(null, Object(Config\Cache), false)
 7 FCPATH\index.php(55): CodeIgniter\CodeIgniter->run()
 8 SYSTEMPATH\Commands\Server\rewrite.php(43): require_once('FCPATH\\index.php')
CRITICAL - 2022-07-11 00:01:34 --> Invalid file: datanak.php
in SYSTEMPATH\Exceptions\FrameworkException.php on line 33.
 1 SYSTEMPATH\View\View.php(201): CodeIgniter\Exceptions\FrameworkException::forInvalidFile('datanak.php')
 2 SYSTEMPATH\Common.php(1135): CodeIgniter\View\View->render('datanak', [], true)
 3 APPPATH\Controllers\Home.php(52): view('datanak')
 4 SYSTEMPATH\CodeIgniter.php(896): App\Controllers\Home->datanak()
 5 SYSTEMPATH\CodeIgniter.php(466): CodeIgniter\CodeIgniter->runController(Object(App\Controllers\Home))
 6 SYSTEMPATH\CodeIgniter.php(349): CodeIgniter\CodeIgniter->handleRequest(null, Object(Config\Cache), false)
 7 FCPATH\index.php(55): CodeIgniter\CodeIgniter->run()
 8 SYSTEMPATH\Commands\Server\rewrite.php(43): require_once('FCPATH\\index.php')
CRITICAL - 2022-07-11 00:01:35 --> Invalid file: datanak.php
in SYSTEMPATH\Exceptions\FrameworkException.php on line 33.
 1 SYSTEMPATH\View\View.php(201): CodeIgniter\Exceptions\FrameworkException::forInvalidFile('datanak.php')
 2 SYSTEMPATH\Common.php(1135): CodeIgniter\View\View->render('datanak', [], true)
 3 APPPATH\Controllers\Home.php(52): view('datanak')
 4 SYSTEMPATH\CodeIgniter.php(896): App\Controllers\Home->datanak()
 5 SYSTEMPATH\CodeIgniter.php(466): CodeIgniter\CodeIgniter->runController(Object(App\Controllers\Home))
 6 SYSTEMPATH\CodeIgniter.php(349): CodeIgniter\CodeIgniter->handleRequest(null, Object(Config\Cache), false)
 7 FCPATH\index.php(55): CodeIgniter\CodeIgniter->run()
 8 SYSTEMPATH\Commands\Server\rewrite.php(43): require_once('FCPATH\\index.php')
CRITICAL - 2022-07-11 00:01:37 --> Invalid file: datanak.php
in SYSTEMPATH\Exceptions\FrameworkException.php on line 33.
 1 SYSTEMPATH\View\View.php(201): CodeIgniter\Exceptions\FrameworkException::forInvalidFile('datanak.php')
 2 SYSTEMPATH\Common.php(1135): CodeIgniter\View\View->render('datanak', [], true)
 3 APPPATH\Controllers\Home.php(52): view('datanak')
 4 SYSTEMPATH\CodeIgniter.php(896): App\Controllers\Home->datanak()
 5 SYSTEMPATH\CodeIgniter.php(466): CodeIgniter\CodeIgniter->runController(Object(App\Controllers\Home))
 6 SYSTEMPATH\CodeIgniter.php(349): CodeIgniter\CodeIgniter->handleRequest(null, Object(Config\Cache), false)
 7 FCPATH\index.php(55): CodeIgniter\CodeIgniter->run()
 8 SYSTEMPATH\Commands\Server\rewrite.php(43): require_once('FCPATH\\index.php')
