CRITICAL - 2022-07-15 04:34:03 --> Undefined variable: css
in APPPATH\Views\layout\header.php on line 11.
 1 APPPATH\Views\layout\header.php(11): CodeIgniter\Debug\Exceptions->errorHandler(8, 'Undefined variable: css', 'APPPATH\\Views\\layout\\header.php', 11, [])
 2 SYSTEMPATH\View\View.php(213): include('APPPATH\\Views\\layout\\header.php')
 3 SYSTEMPATH\View\View.php(216): CodeIgniter\View\View->CodeIgniter\View\{closure}()
 4 SYSTEMPATH\View\View.php(429): CodeIgniter\View\View->render('layout/header', null, true)
 5 APPPATH\Views\home.php(1): CodeIgniter\View\View->include('layout/header')
 6 SYSTEMPATH\View\View.php(213): include('APPPATH\\Views\\home.php')
 7 SYSTEMPATH\View\View.php(216): CodeIgniter\View\View->CodeIgniter\View\{closure}()
 8 SYSTEMPATH\Common.php(1135): CodeIgniter\View\View->render('home', [], true)
 9 APPPATH\Controllers\Home.php(9): view('home')
10 SYSTEMPATH\CodeIgniter.php(896): App\Controllers\Home->index()
11 SYSTEMPATH\CodeIgniter.php(466): CodeIgniter\CodeIgniter->runController(Object(App\Controllers\Home))
12 SYSTEMPATH\CodeIgniter.php(349): CodeIgniter\CodeIgniter->handleRequest(null, Object(Config\Cache), false)
13 FCPATH\index.php(55): CodeIgniter\CodeIgniter->run()
CRITICAL - 2022-07-15 04:36:02 --> Undefined variable: css
in APPPATH\Views\layout\header.php on line 11.
 1 APPPATH\Views\layout\header.php(11): CodeIgniter\Debug\Exceptions->errorHandler(8, 'Undefined variable: css', 'APPPATH\\Views\\layout\\header.php', 11, [])
 2 SYSTEMPATH\View\View.php(213): include('APPPATH\\Views\\layout\\header.php')
 3 SYSTEMPATH\View\View.php(216): CodeIgniter\View\View->CodeIgniter\View\{closure}()
 4 SYSTEMPATH\View\View.php(429): CodeIgniter\View\View->render('layout/header', null, true)
 5 APPPATH\Views\masuk.php(1): CodeIgniter\View\View->include('layout/header')
 6 SYSTEMPATH\View\View.php(213): include('APPPATH\\Views\\masuk.php')
 7 SYSTEMPATH\View\View.php(216): CodeIgniter\View\View->CodeIgniter\View\{closure}()
 8 SYSTEMPATH\Common.php(1135): CodeIgniter\View\View->render('masuk', [], true)
 9 APPPATH\Controllers\Users.php(54): view('masuk', [])
10 SYSTEMPATH\CodeIgniter.php(896): App\Controllers\Users->index()
11 SYSTEMPATH\CodeIgniter.php(466): CodeIgniter\CodeIgniter->runController(Object(App\Controllers\Users))
12 SYSTEMPATH\CodeIgniter.php(349): CodeIgniter\CodeIgniter->handleRequest(null, Object(Config\Cache), false)
13 FCPATH\index.php(55): CodeIgniter\CodeIgniter->run()
CRITICAL - 2022-07-15 04:37:13 --> Undefined variable: css
in APPPATH\Views\layout\header.php on line 11.
 1 APPPATH\Views\layout\header.php(11): CodeIgniter\Debug\Exceptions->errorHandler(8, 'Undefined variable: css', 'APPPATH\\Views\\layout\\header.php', 11, [])
 2 SYSTEMPATH\View\View.php(213): include('APPPATH\\Views\\layout\\header.php')
 3 SYSTEMPATH\View\View.php(216): CodeIgniter\View\View->CodeIgniter\View\{closure}()
 4 SYSTEMPATH\View\View.php(429): CodeIgniter\View\View->render('layout/header', null, true)
 5 APPPATH\Views\daftar.php(1): CodeIgniter\View\View->include('layout/header')
 6 SYSTEMPATH\View\View.php(213): include('APPPATH\\Views\\daftar.php')
 7 SYSTEMPATH\View\View.php(216): CodeIgniter\View\View->CodeIgniter\View\{closure}()
 8 SYSTEMPATH\Common.php(1135): CodeIgniter\View\View->render('daftar', [], true)
 9 APPPATH\Controllers\Users.php(116): view('daftar', [])
10 SYSTEMPATH\CodeIgniter.php(896): App\Controllers\Users->register()
11 SYSTEMPATH\CodeIgniter.php(466): CodeIgniter\CodeIgniter->runController(Object(App\Controllers\Users))
12 SYSTEMPATH\CodeIgniter.php(349): CodeIgniter\CodeIgniter->handleRequest(null, Object(Config\Cache), false)
13 FCPATH\index.php(55): CodeIgniter\CodeIgniter->run()
CRITICAL - 2022-07-15 04:38:18 --> Undefined variable: css
in APPPATH\Views\layout\header.php on line 11.
 1 APPPATH\Views\layout\header.php(11): CodeIgniter\Debug\Exceptions->errorHandler(8, 'Undefined variable: css', 'APPPATH\\Views\\layout\\header.php', 11, [])
 2 SYSTEMPATH\View\View.php(213): include('APPPATH\\Views\\layout\\header.php')
 3 SYSTEMPATH\View\View.php(216): CodeIgniter\View\View->CodeIgniter\View\{closure}()
 4 SYSTEMPATH\View\View.php(429): CodeIgniter\View\View->render('layout/header', null, true)
 5 APPPATH\Views\tentang.php(1): CodeIgniter\View\View->include('layout/header')
 6 SYSTEMPATH\View\View.php(213): include('APPPATH\\Views\\tentang.php')
 7 SYSTEMPATH\View\View.php(216): CodeIgniter\View\View->CodeIgniter\View\{closure}()
 8 SYSTEMPATH\Common.php(1135): CodeIgniter\View\View->render('tentang', [], true)
 9 APPPATH\Controllers\Home.php(21): view('tentang')
10 SYSTEMPATH\CodeIgniter.php(896): App\Controllers\Home->tentang()
11 SYSTEMPATH\CodeIgniter.php(466): CodeIgniter\CodeIgniter->runController(Object(App\Controllers\Home))
12 SYSTEMPATH\CodeIgniter.php(349): CodeIgniter\CodeIgniter->handleRequest(null, Object(Config\Cache), false)
13 FCPATH\index.php(55): CodeIgniter\CodeIgniter->run()
CRITICAL - 2022-07-15 04:41:43 --> Undefined variable: css
in APPPATH\Views\layout\header.php on line 11.
 1 APPPATH\Views\layout\header.php(11): CodeIgniter\Debug\Exceptions->errorHandler(8, 'Undefined variable: css', 'APPPATH\\Views\\layout\\header.php', 11, [...])
 2 SYSTEMPATH\View\View.php(213): include('APPPATH\\Views\\layout\\header.php')
 3 SYSTEMPATH\View\View.php(216): CodeIgniter\View\View->CodeIgniter\View\{closure}()
 4 SYSTEMPATH\View\View.php(429): CodeIgniter\View\View->render('layout/header', null, true)
 5 APPPATH\Views\profil.php(1): CodeIgniter\View\View->include('layout/header')
 6 SYSTEMPATH\View\View.php(213): include('APPPATH\\Views\\profil.php')
 7 SYSTEMPATH\View\View.php(216): CodeIgniter\View\View->CodeIgniter\View\{closure}()
 8 SYSTEMPATH\Common.php(1135): CodeIgniter\View\View->render('profil', [], true)
 9 APPPATH\Controllers\Anak.php(29): view('profil', [...])
10 SYSTEMPATH\CodeIgniter.php(896): App\Controllers\Anak->index()
11 SYSTEMPATH\CodeIgniter.php(466): CodeIgniter\CodeIgniter->runController(Object(App\Controllers\Anak))
12 SYSTEMPATH\CodeIgniter.php(349): CodeIgniter\CodeIgniter->handleRequest(null, Object(Config\Cache), false)
13 FCPATH\index.php(55): CodeIgniter\CodeIgniter->run()
CRITICAL - 2022-07-15 04:43:57 --> Undefined variable: css
in APPPATH\Views\layout\header.php on line 11.
 1 APPPATH\Views\layout\header.php(11): CodeIgniter\Debug\Exceptions->errorHandler(8, 'Undefined variable: css', 'APPPATH\\Views\\layout\\header.php', 11, [...])
 2 SYSTEMPATH\View\View.php(213): include('APPPATH\\Views\\layout\\header.php')
 3 SYSTEMPATH\View\View.php(216): CodeIgniter\View\View->CodeIgniter\View\{closure}()
 4 SYSTEMPATH\View\View.php(429): CodeIgniter\View\View->render('layout/header', null, true)
 5 APPPATH\Views\profil.php(1): CodeIgniter\View\View->include('layout/header')
 6 SYSTEMPATH\View\View.php(213): include('APPPATH\\Views\\profil.php')
 7 SYSTEMPATH\View\View.php(216): CodeIgniter\View\View->CodeIgniter\View\{closure}()
 8 SYSTEMPATH\Common.php(1135): CodeIgniter\View\View->render('profil', [], true)
 9 APPPATH\Controllers\Anak.php(29): view('profil', [...])
10 SYSTEMPATH\CodeIgniter.php(896): App\Controllers\Anak->index()
11 SYSTEMPATH\CodeIgniter.php(466): CodeIgniter\CodeIgniter->runController(Object(App\Controllers\Anak))
12 SYSTEMPATH\CodeIgniter.php(349): CodeIgniter\CodeIgniter->handleRequest(null, Object(Config\Cache), false)
13 FCPATH\index.php(55): CodeIgniter\CodeIgniter->run()
CRITICAL - 2022-07-15 04:53:09 --> Undefined variable: css
in APPPATH\Views\layout\header.php on line 11.
 1 APPPATH\Views\layout\header.php(11): CodeIgniter\Debug\Exceptions->errorHandler(8, 'Undefined variable: css', 'APPPATH\\Views\\layout\\header.php', 11, [...])
 2 SYSTEMPATH\View\View.php(213): include('APPPATH\\Views\\layout\\header.php')
 3 SYSTEMPATH\View\View.php(216): CodeIgniter\View\View->CodeIgniter\View\{closure}()
 4 SYSTEMPATH\View\View.php(429): CodeIgniter\View\View->render('layout/header', null, true)
 5 APPPATH\Views\biodata.php(1): CodeIgniter\View\View->include('layout/header')
 6 SYSTEMPATH\View\View.php(213): include('APPPATH\\Views\\biodata.php')
 7 SYSTEMPATH\View\View.php(216): CodeIgniter\View\View->CodeIgniter\View\{closure}()
 8 SYSTEMPATH\Common.php(1135): CodeIgniter\View\View->render('biodata', [], true)
 9 APPPATH\Controllers\Anak.php(42): view('biodata', [...])
10 SYSTEMPATH\CodeIgniter.php(896): App\Controllers\Anak->tambah()
11 SYSTEMPATH\CodeIgniter.php(466): CodeIgniter\CodeIgniter->runController(Object(App\Controllers\Anak))
12 SYSTEMPATH\CodeIgniter.php(349): CodeIgniter\CodeIgniter->handleRequest(null, Object(Config\Cache), false)
13 FCPATH\index.php(55): CodeIgniter\CodeIgniter->run()
CRITICAL - 2022-07-15 04:55:31 --> Cannot use isset() on the result of an expression (you can use "null !== expression" instead)
in APPPATH\Views\biodata.php on line 100.
 1 [internal function]: CodeIgniter\Debug\Exceptions->shutdownHandler()
CRITICAL - 2022-07-15 04:56:21 --> Cannot use isset() on the result of an expression (you can use "null !== expression" instead)
in APPPATH\Views\biodata.php on line 100.
 1 [internal function]: CodeIgniter\Debug\Exceptions->shutdownHandler()
CRITICAL - 2022-07-15 05:04:57 --> Undefined variable: css
in APPPATH\Views\layout\header.php on line 11.
 1 APPPATH\Views\layout\header.php(11): CodeIgniter\Debug\Exceptions->errorHandler(8, 'Undefined variable: css', 'APPPATH\\Views\\layout\\header.php', 11, [...])
 2 SYSTEMPATH\View\View.php(213): include('APPPATH\\Views\\layout\\header.php')
 3 SYSTEMPATH\View\View.php(216): CodeIgniter\View\View->CodeIgniter\View\{closure}()
 4 SYSTEMPATH\View\View.php(429): CodeIgniter\View\View->render('layout/header', null, true)
 5 APPPATH\Views\biodata_edit.php(1): CodeIgniter\View\View->include('layout/header')
 6 SYSTEMPATH\View\View.php(213): include('APPPATH\\Views\\biodata_edit.php')
 7 SYSTEMPATH\View\View.php(216): CodeIgniter\View\View->CodeIgniter\View\{closure}()
 8 SYSTEMPATH\Common.php(1135): CodeIgniter\View\View->render('biodata_edit', [], true)
 9 APPPATH\Controllers\Anak.php(150): view('biodata_edit', [...])
10 SYSTEMPATH\CodeIgniter.php(896): App\Controllers\Anak->edit('7')
11 SYSTEMPATH\CodeIgniter.php(466): CodeIgniter\CodeIgniter->runController(Object(App\Controllers\Anak))
12 SYSTEMPATH\CodeIgniter.php(349): CodeIgniter\CodeIgniter->handleRequest(null, Object(Config\Cache), false)
13 FCPATH\index.php(55): CodeIgniter\CodeIgniter->run()
CRITICAL - 2022-07-15 05:05:07 --> Undefined variable: css
in APPPATH\Views\layout\header.php on line 11.
 1 APPPATH\Views\layout\header.php(11): CodeIgniter\Debug\Exceptions->errorHandler(8, 'Undefined variable: css', 'APPPATH\\Views\\layout\\header.php', 11, [...])
 2 SYSTEMPATH\View\View.php(213): include('APPPATH\\Views\\layout\\header.php')
 3 SYSTEMPATH\View\View.php(216): CodeIgniter\View\View->CodeIgniter\View\{closure}()
 4 SYSTEMPATH\View\View.php(429): CodeIgniter\View\View->render('layout/header', null, true)
 5 APPPATH\Views\datanak.php(1): CodeIgniter\View\View->include('layout/header')
 6 SYSTEMPATH\View\View.php(213): include('APPPATH\\Views\\datanak.php')
 7 SYSTEMPATH\View\View.php(216): CodeIgniter\View\View->CodeIgniter\View\{closure}()
 8 SYSTEMPATH\Common.php(1135): CodeIgniter\View\View->render('datanak', [], true)
 9 APPPATH\Controllers\Test.php(31): view('datanak', [...])
10 SYSTEMPATH\CodeIgniter.php(896): App\Controllers\Test->index()
11 SYSTEMPATH\CodeIgniter.php(466): CodeIgniter\CodeIgniter->runController(Object(App\Controllers\Test))
12 SYSTEMPATH\CodeIgniter.php(349): CodeIgniter\CodeIgniter->handleRequest(null, Object(Config\Cache), false)
13 FCPATH\index.php(55): CodeIgniter\CodeIgniter->run()
CRITICAL - 2022-07-15 05:13:10 --> Undefined index: name
in APPPATH\Views\datanak.php on line 12.
 1 APPPATH\Views\datanak.php(12): CodeIgniter\Debug\Exceptions->errorHandler(8, 'Undefined index: name', 'APPPATH\\Views\\datanak.php', 12, [...])
 2 SYSTEMPATH\View\View.php(213): include('APPPATH\\Views\\datanak.php')
 3 SYSTEMPATH\View\View.php(216): CodeIgniter\View\View->CodeIgniter\View\{closure}()
 4 SYSTEMPATH\Common.php(1135): CodeIgniter\View\View->render('datanak', [], true)
 5 APPPATH\Controllers\Test.php(32): view('datanak', [...])
 6 SYSTEMPATH\CodeIgniter.php(896): App\Controllers\Test->index()
 7 SYSTEMPATH\CodeIgniter.php(466): CodeIgniter\CodeIgniter->runController(Object(App\Controllers\Test))
 8 SYSTEMPATH\CodeIgniter.php(349): CodeIgniter\CodeIgniter->handleRequest(null, Object(Config\Cache), false)
 9 FCPATH\index.php(55): CodeIgniter\CodeIgniter->run()
CRITICAL - 2022-07-15 07:29:31 --> Undefined variable: css
in APPPATH\Views\layout\header.php on line 11.
 1 APPPATH\Views\layout\header.php(11): CodeIgniter\Debug\Exceptions->errorHandler(8, 'Undefined variable: css', 'APPPATH\\Views\\layout\\header.php', 11, [...])
 2 SYSTEMPATH\View\View.php(213): include('APPPATH\\Views\\layout\\header.php')
 3 SYSTEMPATH\View\View.php(216): CodeIgniter\View\View->CodeIgniter\View\{closure}()
 4 SYSTEMPATH\View\View.php(429): CodeIgniter\View\View->render('layout/header', null, true)
 5 APPPATH\Views\masuk.php(1): CodeIgniter\View\View->include('layout/header')
 6 SYSTEMPATH\View\View.php(213): include('APPPATH\\Views\\masuk.php')
 7 SYSTEMPATH\View\View.php(216): CodeIgniter\View\View->CodeIgniter\View\{closure}()
 8 SYSTEMPATH\Common.php(1135): CodeIgniter\View\View->render('/masuk', [], true)
 9 APPPATH\Controllers\Users.php(218): view('/masuk', [...])
10 SYSTEMPATH\CodeIgniter.php(896): App\Controllers\Users->verifikasi()
11 SYSTEMPATH\CodeIgniter.php(466): CodeIgniter\CodeIgniter->runController(Object(App\Controllers\Users))
12 SYSTEMPATH\CodeIgniter.php(349): CodeIgniter\CodeIgniter->handleRequest(null, Object(Config\Cache), false)
13 FCPATH\index.php(55): CodeIgniter\CodeIgniter->run()
CRITICAL - 2022-07-15 07:31:37 --> Undefined variable: email
in APPPATH\Views\page_verifikasi.php on line 5.
 1 APPPATH\Views\page_verifikasi.php(5): CodeIgniter\Debug\Exceptions->errorHandler(8, 'Undefined variable: email', 'APPPATH\\Views\\page_verifikasi.php', 5, [...])
 2 SYSTEMPATH\View\View.php(213): include('APPPATH\\Views\\page_verifikasi.php')
 3 SYSTEMPATH\View\View.php(216): CodeIgniter\View\View->CodeIgniter\View\{closure}()
 4 SYSTEMPATH\Common.php(1135): CodeIgniter\View\View->render('page_verifikasi', [], true)
 5 APPPATH\Controllers\Users.php(218): view('page_verifikasi', [...])
 6 SYSTEMPATH\CodeIgniter.php(896): App\Controllers\Users->verifikasi()
 7 SYSTEMPATH\CodeIgniter.php(466): CodeIgniter\CodeIgniter->runController(Object(App\Controllers\Users))
 8 SYSTEMPATH\CodeIgniter.php(349): CodeIgniter\CodeIgniter->handleRequest(null, Object(Config\Cache), false)
 9 FCPATH\index.php(55): CodeIgniter\CodeIgniter->run()
CRITICAL - 2022-07-15 07:31:52 --> Undefined variable: email
in APPPATH\Views\page_verifikasi.php on line 5.
 1 APPPATH\Views\page_verifikasi.php(5): CodeIgniter\Debug\Exceptions->errorHandler(8, 'Undefined variable: email', 'APPPATH\\Views\\page_verifikasi.php', 5, [...])
 2 SYSTEMPATH\View\View.php(213): include('APPPATH\\Views\\page_verifikasi.php')
 3 SYSTEMPATH\View\View.php(216): CodeIgniter\View\View->CodeIgniter\View\{closure}()
 4 SYSTEMPATH\Common.php(1135): CodeIgniter\View\View->render('page_verifikasi', [], true)
 5 APPPATH\Controllers\Users.php(218): view('page_verifikasi', [...])
 6 SYSTEMPATH\CodeIgniter.php(896): App\Controllers\Users->verifikasi()
 7 SYSTEMPATH\CodeIgniter.php(466): CodeIgniter\CodeIgniter->runController(Object(App\Controllers\Users))
 8 SYSTEMPATH\CodeIgniter.php(349): CodeIgniter\CodeIgniter->handleRequest(null, Object(Config\Cache), false)
 9 FCPATH\index.php(55): CodeIgniter\CodeIgniter->run()
CRITICAL - 2022-07-15 07:32:41 --> Undefined variable: email
in APPPATH\Views\page_verifikasi.php on line 5.
 1 APPPATH\Views\page_verifikasi.php(5): CodeIgniter\Debug\Exceptions->errorHandler(8, 'Undefined variable: email', 'APPPATH\\Views\\page_verifikasi.php', 5, [...])
 2 SYSTEMPATH\View\View.php(213): include('APPPATH\\Views\\page_verifikasi.php')
 3 SYSTEMPATH\View\View.php(216): CodeIgniter\View\View->CodeIgniter\View\{closure}()
 4 SYSTEMPATH\Common.php(1135): CodeIgniter\View\View->render('page_verifikasi', [], true)
 5 APPPATH\Controllers\Users.php(218): view('page_verifikasi', [...])
 6 SYSTEMPATH\CodeIgniter.php(896): App\Controllers\Users->verifikasi()
 7 SYSTEMPATH\CodeIgniter.php(466): CodeIgniter\CodeIgniter->runController(Object(App\Controllers\Users))
 8 SYSTEMPATH\CodeIgniter.php(349): CodeIgniter\CodeIgniter->handleRequest(null, Object(Config\Cache), false)
 9 FCPATH\index.php(55): CodeIgniter\CodeIgniter->run()
CRITICAL - 2022-07-15 08:09:57 --> Undefined variable: email
in APPPATH\Views\page_verifikasi.php on line 5.
 1 APPPATH\Views\page_verifikasi.php(5): CodeIgniter\Debug\Exceptions->errorHandler(8, 'Undefined variable: email', 'APPPATH\\Views\\page_verifikasi.php', 5, [])
 2 SYSTEMPATH\View\View.php(213): include('APPPATH\\Views\\page_verifikasi.php')
 3 SYSTEMPATH\View\View.php(216): CodeIgniter\View\View->CodeIgniter\View\{closure}()
 4 SYSTEMPATH\Common.php(1135): CodeIgniter\View\View->render('page_verifikasi', [], true)
 5 APPPATH\Controllers\Users.php(219): view('page_verifikasi', [])
 6 SYSTEMPATH\CodeIgniter.php(896): App\Controllers\Users->verifikasi()
 7 SYSTEMPATH\CodeIgniter.php(466): CodeIgniter\CodeIgniter->runController(Object(App\Controllers\Users))
 8 SYSTEMPATH\CodeIgniter.php(349): CodeIgniter\CodeIgniter->handleRequest(null, Object(Config\Cache), false)
 9 FCPATH\index.php(55): CodeIgniter\CodeIgniter->run()
CRITICAL - 2022-07-15 08:10:14 --> Undefined variable: email
in APPPATH\Views\page_verifikasi.php on line 5.
 1 APPPATH\Views\page_verifikasi.php(5): CodeIgniter\Debug\Exceptions->errorHandler(8, 'Undefined variable: email', 'APPPATH\\Views\\page_verifikasi.php', 5, [])
 2 SYSTEMPATH\View\View.php(213): include('APPPATH\\Views\\page_verifikasi.php')
 3 SYSTEMPATH\View\View.php(216): CodeIgniter\View\View->CodeIgniter\View\{closure}()
 4 SYSTEMPATH\Common.php(1135): CodeIgniter\View\View->render('page_verifikasi', [], true)
 5 APPPATH\Controllers\Users.php(219): view('page_verifikasi', [])
 6 SYSTEMPATH\CodeIgniter.php(896): App\Controllers\Users->verifikasi()
 7 SYSTEMPATH\CodeIgniter.php(466): CodeIgniter\CodeIgniter->runController(Object(App\Controllers\Users))
 8 SYSTEMPATH\CodeIgniter.php(349): CodeIgniter\CodeIgniter->handleRequest(null, Object(Config\Cache), false)
 9 FCPATH\index.php(55): CodeIgniter\CodeIgniter->run()
CRITICAL - 2022-07-15 08:17:32 --> Undefined variable: email
in APPPATH\Views\page_verifikasi.php on line 5.
 1 APPPATH\Views\page_verifikasi.php(5): CodeIgniter\Debug\Exceptions->errorHandler(8, 'Undefined variable: email', 'APPPATH\\Views\\page_verifikasi.php', 5, [...])
 2 SYSTEMPATH\View\View.php(213): include('APPPATH\\Views\\page_verifikasi.php')
 3 SYSTEMPATH\View\View.php(216): CodeIgniter\View\View->CodeIgniter\View\{closure}()
 4 SYSTEMPATH\Common.php(1135): CodeIgniter\View\View->render('page_verifikasi', [], true)
 5 APPPATH\Controllers\Users.php(218): view('page_verifikasi', [...])
 6 SYSTEMPATH\CodeIgniter.php(896): App\Controllers\Users->verifikasi()
 7 SYSTEMPATH\CodeIgniter.php(466): CodeIgniter\CodeIgniter->runController(Object(App\Controllers\Users))
 8 SYSTEMPATH\CodeIgniter.php(349): CodeIgniter\CodeIgniter->handleRequest(null, Object(Config\Cache), false)
 9 FCPATH\index.php(55): CodeIgniter\CodeIgniter->run()
