CRITICAL - 2022-08-03 00:20:21 --> unlink(C:\laragon\www\Akusiapsekolah\writable\debugbar/debugbar_1659503259.057421.json): No such file or directory
in SYSTEMPATH\Debug\Toolbar\Collectors\History.php on line 76.
 1 [internal function]: CodeIgniter\Debug\Exceptions->errorHandler(2, 'unlink(C:\\laragon\\www\\Akusiapsekolah\\writable\\debugbar/debugbar_1659503259.057421.json): No such file or directory', 'SYSTEMPATH\\Debug\\Toolbar\\Collectors\\History.php', 76, [...])
 2 SYSTEMPATH\Debug\Toolbar\Collectors\History.php(76): unlink('ROOTPATH\\writable\\debugbar/debugbar_1659503259.057421.json')
 3 SYSTEMPATH\Debug\Toolbar.php(495): CodeIgniter\Debug\Toolbar\Collectors\History->setFiles('1659504020.484826', 20)
 4 SYSTEMPATH\Debug\Toolbar.php(472): CodeIgniter\Debug\Toolbar->format([...], 'html')
 5 APPPATH\Config\Events.php(46): CodeIgniter\Debug\Toolbar->respond()
 6 SYSTEMPATH\Events\Events.php(149): CodeIgniter\Events\Events::Config\{closure}()
 7 SYSTEMPATH\CodeIgniter.php(326): CodeIgniter\Events\Events::trigger('pre_system')
 8 FCPATH\index.php(55): CodeIgniter\CodeIgniter->run()
CRITICAL - 2022-08-03 01:29:07 --> Uninitialized string offset: 0
in VENDORPATH\mpdf\mpdf\src\Mpdf.php on line 16653.
 1 VENDORPATH\mpdf\mpdf\src\Mpdf.php(16653): CodeIgniter\Debug\Exceptions->errorHandler(8, 'Uninitialized string offset: 0', 'VENDORPATH\\mpdf\\mpdf\\src\\Mpdf.php', 16653, [...])
 2 VENDORPATH\mpdf\mpdf\src\Mpdf.php(16880): Mpdf\Mpdf->_setBorderLine([...])
 3 VENDORPATH\mpdf\mpdf\src\Mpdf.php(3147): Mpdf\Mpdf->PaintDivBB('pagebottom', 0, 4)
 4 VENDORPATH\mpdf\mpdf\src\Mpdf.php(8465): Mpdf\Mpdf->AddPage('P')
 5 VENDORPATH\mpdf\mpdf\src\Mpdf.php(16506): Mpdf\Mpdf->WriteFlowingBlock('Lorem ipsum, dolor sit amet consectetur adipisicing elit. Non asperiores repudiandae suscipit cumque labore. Magnam tempora consectetur suscipit fugiat fugit sint numquam dolores quisquam et cum, corporis, earum accusantium voluptates! Lorem ipsum dolor, sit amet consectetur adipisicing elit. Maxime, possimus iure. Facere aliquid similique iste saepe voluptatem sed nesciunt minus, iure adipisci molestias, excepturi, neque totam provident reiciendis illo! Corporis! Lorem ipsum dolor sit amet consectetur adipisicing elit. Expedita possimus perferendis nemo enim aliquam alias dolorem aut esse ipsum earum, vero porro, odio sequi praesentium ut odit! Dolorem, velit? Laborum. Lorem ipsum, dolor sit amet consectetur adipisicing elit. Vel dignissimos fugiat saepe maxime totam omnis debitis tenetur blanditiis, ipsam ea sequi nisi voluptas. Reiciendis ipsum non molestiae possimus dolore perspiciatis? Lorem ipsum dolor sit amet consectetur, adipisicing elit. Dolorum quis iste, qui suscipit sit accusantium vitae aliquam fugiat et, ratione asperiores aliquid aspernatur repellendus! Distinctio aliquid eligendi nostrum ullam delectus.', [...])
 6 VENDORPATH\mpdf\mpdf\src\Tag\BlockTag.php(1126): Mpdf\Mpdf->printbuffer([...], 3)
 7 VENDORPATH\mpdf\mpdf\src\Tag.php(247): Mpdf\Tag\BlockTag->close([...], 141)
 8 VENDORPATH\mpdf\mpdf\src\Mpdf.php(13756): Mpdf\Tag->CloseTag('P', [...], 141)
 9 APPPATH\Controllers\Riwayat.php(630): Mpdf\Mpdf->WriteHTML('  <div class="main-page"> <div class="sub-page"> <table style="width: 100%;"> <tr> <td style="color: #006E7F;font-weight: 700;"> <p>Nama Anak</p></td> <td> <p>: Fajariana Tri Muliak</p></td> <td style="color: #006E7F;font-weight: 700;"> <p>Tanggal Tes</p></td> <td> <p>: 1 Juli 2202</p></td> </tr> <tr> <td style="color: #006E7F;font-weight: 700;"> <p>Tanggal Lahir</p></td> <td> <p>: 24 Maret 2013</p></td> <td style="color: #006E7F;font-weight: 700;"> <p>Relasi Dengan Anak</p></td> <td> <p>: Ibu</p></td> </tr> <tr> <td style="color: #006E7F;font-weight: 700;"> <p>Usia Anak</p></td> <td> <p>: 4 Tahun 11 Bulan 5 Hari</p></td> <td style="color: #006E7F;font-weight: 700;"> <p>Gender Anak</p></td> <td> <p>: Perempuan</p></td> </tr> <tr> <td colspan="2" style="color: #006E7F;font-weight: 700;"> Apakah anak terlahir prematur ?</td> <td colspan="2"> Ya, saat ___ minggu kehamilan</td> </tr> </table> <br /><section> <div class="card"> <p>Lorem ipsum, dolor sit amet consectetur adipisicing elit. Non asperiores repudiandae suscipit cumque labore. Magnam tempora consectetur suscipit fugiat fugit sint numquam dolores quisquam et cum, corporis, earum accusantium voluptates! Lorem ipsum dolor, sit amet consectetur adipisicing elit. Maxime, possimus iure. Facere aliquid similique iste saepe voluptatem sed nesciunt minus, iure adipisci molestias, excepturi, neque totam provident reiciendis illo! Corporis! Lorem ipsum dolor sit amet consectetur adipisicing elit. Expedita possimus perferendis nemo enim aliquam alias dolorem aut esse ipsum earum, vero porro, odio sequi praesentium ut odit! Dolorem, velit? Laborum. Lorem ipsum, dolor sit amet consectetur adipisicing elit. Vel dignissimos fugiat saepe maxime totam omnis debitis tenetur blanditiis, ipsam ea sequi nisi voluptas. Reiciendis ipsum non molestiae possimus dolore perspiciatis? Lorem ipsum dolor sit amet consectetur, adipisicing elit. Dolorum quis iste, qui suscipit sit accusantium vitae aliquam fugiat et, ratione asperiores aliquid aspernatur repellendus! Distinctio aliquid eligendi nostrum ullam delectus.</p> <p>Lorem ipsum, dolor sit amet consectetur adipisicing elit. Non asperiores repudiandae suscipit cumque labore. Magnam tempora consectetur suscipit fugiat fugit sint numquam dolores quisquam et cum, corporis, earum accusantium voluptates! Lorem ipsum dolor, sit amet consectetur adipisicing elit. Maxime, possimus iure. Facere aliquid similique iste saepe voluptatem sed nesciunt minus, iure adipisci molestias, excepturi, neque totam provident reiciendis illo! Corporis! Lorem ipsum dolor sit amet consectetur adipisicing elit. Expedita possimus perferendis nemo enim aliquam alias dolorem aut esse ipsum earum, vero porro, odio sequi praesentium ut odit! Dolorem, velit? Laborum. Lorem ipsum, dolor sit amet consectetur adipisicing elit. Vel dignissimos fugiat saepe maxime totam omnis debitis tenetur blanditiis, ipsam ea sequi nisi voluptas. Reiciendis ipsum non molestiae possimus dolore perspiciatis? Lorem ipsum dolor sit amet consectetur, adipisicing elit. Dolorum quis iste, qui suscipit sit accusantium vitae aliquam fugiat et, ratione asperiores aliquid aspernatur repellendus! Distinctio aliquid eligendi nostrum ullam delectus.</p> </div> </section> </div> </div>  ', 2)
10 SYSTEMPATH\CodeIgniter.php(896): App\Controllers\Riwayat->print('2')
11 SYSTEMPATH\CodeIgniter.php(466): CodeIgniter\CodeIgniter->runController(Object(App\Controllers\Riwayat))
12 SYSTEMPATH\CodeIgniter.php(349): CodeIgniter\CodeIgniter->handleRequest(null, Object(Config\Cache), false)
13 FCPATH\index.php(55): CodeIgniter\CodeIgniter->run()
CRITICAL - 2022-08-03 01:29:22 --> Uninitialized string offset: 0
in VENDORPATH\mpdf\mpdf\src\Mpdf.php on line 16653.
 1 VENDORPATH\mpdf\mpdf\src\Mpdf.php(16653): CodeIgniter\Debug\Exceptions->errorHandler(8, 'Uninitialized string offset: 0', 'VENDORPATH\\mpdf\\mpdf\\src\\Mpdf.php', 16653, [...])
 2 VENDORPATH\mpdf\mpdf\src\Mpdf.php(16880): Mpdf\Mpdf->_setBorderLine([...])
 3 VENDORPATH\mpdf\mpdf\src\Mpdf.php(3147): Mpdf\Mpdf->PaintDivBB('pagebottom', 0, 4)
 4 VENDORPATH\mpdf\mpdf\src\Mpdf.php(8465): Mpdf\Mpdf->AddPage('P')
 5 VENDORPATH\mpdf\mpdf\src\Mpdf.php(16506): Mpdf\Mpdf->WriteFlowingBlock('Lorem ipsum, dolor sit amet consectetur adipisicing elit. Non asperiores repudiandae suscipit cumque labore. Magnam tempora consectetur suscipit fugiat fugit sint numquam dolores quisquam et cum, corporis, earum accusantium voluptates! Lorem ipsum dolor, sit amet consectetur adipisicing elit. Maxime, possimus iure. Facere aliquid similique iste saepe voluptatem sed nesciunt minus, iure adipisci molestias, excepturi, neque totam provident reiciendis illo! Corporis! Lorem ipsum dolor sit amet consectetur adipisicing elit. Expedita possimus perferendis nemo enim aliquam alias dolorem aut esse ipsum earum, vero porro, odio sequi praesentium ut odit! Dolorem, velit? Laborum. Lorem ipsum, dolor sit amet consectetur adipisicing elit. Vel dignissimos fugiat saepe maxime totam omnis debitis tenetur blanditiis, ipsam ea sequi nisi voluptas. Reiciendis ipsum non molestiae possimus dolore perspiciatis? Lorem ipsum dolor sit amet consectetur, adipisicing elit. Dolorum quis iste, qui suscipit sit accusantium vitae aliquam fugiat et, ratione asperiores aliquid aspernatur repellendus! Distinctio aliquid eligendi nostrum ullam delectus.', [...])
 6 VENDORPATH\mpdf\mpdf\src\Tag\BlockTag.php(1126): Mpdf\Mpdf->printbuffer([...], 3)
 7 VENDORPATH\mpdf\mpdf\src\Tag.php(247): Mpdf\Tag\BlockTag->close([...], 141)
 8 VENDORPATH\mpdf\mpdf\src\Mpdf.php(13756): Mpdf\Tag->CloseTag('P', [...], 141)
 9 APPPATH\Controllers\Riwayat.php(630): Mpdf\Mpdf->WriteHTML('  <div class="main-page"> <div class="sub-page"> <table style="width: 100%;"> <tr> <td style="color: #006E7F;font-weight: 700;"> <p>Nama Anak</p></td> <td> <p>: Fajariana Tri Muliak</p></td> <td style="color: #006E7F;font-weight: 700;"> <p>Tanggal Tes</p></td> <td> <p>: 1 Juli 2202</p></td> </tr> <tr> <td style="color: #006E7F;font-weight: 700;"> <p>Tanggal Lahir</p></td> <td> <p>: 24 Maret 2013</p></td> <td style="color: #006E7F;font-weight: 700;"> <p>Relasi Dengan Anak</p></td> <td> <p>: Ibu</p></td> </tr> <tr> <td style="color: #006E7F;font-weight: 700;"> <p>Usia Anak</p></td> <td> <p>: 4 Tahun 11 Bulan 5 Hari</p></td> <td style="color: #006E7F;font-weight: 700;"> <p>Gender Anak</p></td> <td> <p>: Perempuan</p></td> </tr> <tr> <td colspan="2" style="color: #006E7F;font-weight: 700;"> Apakah anak terlahir prematur ?</td> <td colspan="2"> Ya, saat ___ minggu kehamilan</td> </tr> </table> <br /><section> <div class="card"> <p>Lorem ipsum, dolor sit amet consectetur adipisicing elit. Non asperiores repudiandae suscipit cumque labore. Magnam tempora consectetur suscipit fugiat fugit sint numquam dolores quisquam et cum, corporis, earum accusantium voluptates! Lorem ipsum dolor, sit amet consectetur adipisicing elit. Maxime, possimus iure. Facere aliquid similique iste saepe voluptatem sed nesciunt minus, iure adipisci molestias, excepturi, neque totam provident reiciendis illo! Corporis! Lorem ipsum dolor sit amet consectetur adipisicing elit. Expedita possimus perferendis nemo enim aliquam alias dolorem aut esse ipsum earum, vero porro, odio sequi praesentium ut odit! Dolorem, velit? Laborum. Lorem ipsum, dolor sit amet consectetur adipisicing elit. Vel dignissimos fugiat saepe maxime totam omnis debitis tenetur blanditiis, ipsam ea sequi nisi voluptas. Reiciendis ipsum non molestiae possimus dolore perspiciatis? Lorem ipsum dolor sit amet consectetur, adipisicing elit. Dolorum quis iste, qui suscipit sit accusantium vitae aliquam fugiat et, ratione asperiores aliquid aspernatur repellendus! Distinctio aliquid eligendi nostrum ullam delectus.</p> <p>Lorem ipsum, dolor sit amet consectetur adipisicing elit. Non asperiores repudiandae suscipit cumque labore. Magnam tempora consectetur suscipit fugiat fugit sint numquam dolores quisquam et cum, corporis, earum accusantium voluptates! Lorem ipsum dolor, sit amet consectetur adipisicing elit. Maxime, possimus iure. Facere aliquid similique iste saepe voluptatem sed nesciunt minus, iure adipisci molestias, excepturi, neque totam provident reiciendis illo! Corporis! Lorem ipsum dolor sit amet consectetur adipisicing elit. Expedita possimus perferendis nemo enim aliquam alias dolorem aut esse ipsum earum, vero porro, odio sequi praesentium ut odit! Dolorem, velit? Laborum. Lorem ipsum, dolor sit amet consectetur adipisicing elit. Vel dignissimos fugiat saepe maxime totam omnis debitis tenetur blanditiis, ipsam ea sequi nisi voluptas. Reiciendis ipsum non molestiae possimus dolore perspiciatis? Lorem ipsum dolor sit amet consectetur, adipisicing elit. Dolorum quis iste, qui suscipit sit accusantium vitae aliquam fugiat et, ratione asperiores aliquid aspernatur repellendus! Distinctio aliquid eligendi nostrum ullam delectus.</p> </div> </section> </div> </div>  ', 2)
10 SYSTEMPATH\CodeIgniter.php(896): App\Controllers\Riwayat->print('2')
11 SYSTEMPATH\CodeIgniter.php(466): CodeIgniter\CodeIgniter->runController(Object(App\Controllers\Riwayat))
12 SYSTEMPATH\CodeIgniter.php(349): CodeIgniter\CodeIgniter->handleRequest(null, Object(Config\Cache), false)
13 FCPATH\index.php(55): CodeIgniter\CodeIgniter->run()
CRITICAL - 2022-08-03 01:29:53 --> Uninitialized string offset: 0
in VENDORPATH\mpdf\mpdf\src\Mpdf.php on line 16653.
 1 VENDORPATH\mpdf\mpdf\src\Mpdf.php(16653): CodeIgniter\Debug\Exceptions->errorHandler(8, 'Uninitialized string offset: 0', 'VENDORPATH\\mpdf\\mpdf\\src\\Mpdf.php', 16653, [...])
 2 VENDORPATH\mpdf\mpdf\src\Mpdf.php(16880): Mpdf\Mpdf->_setBorderLine([...])
 3 VENDORPATH\mpdf\mpdf\src\Mpdf.php(3147): Mpdf\Mpdf->PaintDivBB('pagebottom', 0, 4)
 4 VENDORPATH\mpdf\mpdf\src\Mpdf.php(8465): Mpdf\Mpdf->AddPage('P')
 5 VENDORPATH\mpdf\mpdf\src\Mpdf.php(16506): Mpdf\Mpdf->WriteFlowingBlock('Lorem ipsum, dolor sit amet consectetur adipisicing elit. Non asperiores repudiandae suscipit cumque labore. Magnam tempora consectetur suscipit fugiat fugit sint numquam dolores quisquam et cum, corporis, earum accusantium voluptates! Lorem ipsum dolor, sit amet consectetur adipisicing elit. Maxime, possimus iure. Facere aliquid similique iste saepe voluptatem sed nesciunt minus, iure adipisci molestias, excepturi, neque totam provident reiciendis illo! Corporis! Lorem ipsum dolor sit amet consectetur adipisicing elit. Expedita possimus perferendis nemo enim aliquam alias dolorem aut esse ipsum earum, vero porro, odio sequi praesentium ut odit! Dolorem, velit? Laborum. Lorem ipsum, dolor sit amet consectetur adipisicing elit. Vel dignissimos fugiat saepe maxime totam omnis debitis tenetur blanditiis, ipsam ea sequi nisi voluptas. Reiciendis ipsum non molestiae possimus dolore perspiciatis? Lorem ipsum dolor sit amet consectetur, adipisicing elit. Dolorum quis iste, qui suscipit sit accusantium vitae aliquam fugiat et, ratione asperiores aliquid aspernatur repellendus! Distinctio aliquid eligendi nostrum ullam delectus.', [...])
 6 VENDORPATH\mpdf\mpdf\src\Tag\BlockTag.php(1126): Mpdf\Mpdf->printbuffer([...], 3)
 7 VENDORPATH\mpdf\mpdf\src\Tag.php(247): Mpdf\Tag\BlockTag->close([...], 141)
 8 VENDORPATH\mpdf\mpdf\src\Mpdf.php(13756): Mpdf\Tag->CloseTag('P', [...], 141)
 9 APPPATH\Controllers\Riwayat.php(630): Mpdf\Mpdf->WriteHTML('  <div class="main-page"> <div class="sub-page"> <table style="width: 100%;"> <tr> <td style="color: #006E7F;font-weight: 700;"> <p>Nama Anak</p></td> <td> <p>: Fajariana Tri Muliak</p></td> <td style="color: #006E7F;font-weight: 700;"> <p>Tanggal Tes</p></td> <td> <p>: 1 Juli 2202</p></td> </tr> <tr> <td style="color: #006E7F;font-weight: 700;"> <p>Tanggal Lahir</p></td> <td> <p>: 24 Maret 2013</p></td> <td style="color: #006E7F;font-weight: 700;"> <p>Relasi Dengan Anak</p></td> <td> <p>: Ibu</p></td> </tr> <tr> <td style="color: #006E7F;font-weight: 700;"> <p>Usia Anak</p></td> <td> <p>: 4 Tahun 11 Bulan 5 Hari</p></td> <td style="color: #006E7F;font-weight: 700;"> <p>Gender Anak</p></td> <td> <p>: Perempuan</p></td> </tr> <tr> <td colspan="2" style="color: #006E7F;font-weight: 700;"> Apakah anak terlahir prematur ?</td> <td colspan="2"> Ya, saat ___ minggu kehamilan</td> </tr> </table> <br /><section> <div class="card"> <p>Lorem ipsum, dolor sit amet consectetur adipisicing elit. Non asperiores repudiandae suscipit cumque labore. Magnam tempora consectetur suscipit fugiat fugit sint numquam dolores quisquam et cum, corporis, earum accusantium voluptates! Lorem ipsum dolor, sit amet consectetur adipisicing elit. Maxime, possimus iure. Facere aliquid similique iste saepe voluptatem sed nesciunt minus, iure adipisci molestias, excepturi, neque totam provident reiciendis illo! Corporis! Lorem ipsum dolor sit amet consectetur adipisicing elit. Expedita possimus perferendis nemo enim aliquam alias dolorem aut esse ipsum earum, vero porro, odio sequi praesentium ut odit! Dolorem, velit? Laborum. Lorem ipsum, dolor sit amet consectetur adipisicing elit. Vel dignissimos fugiat saepe maxime totam omnis debitis tenetur blanditiis, ipsam ea sequi nisi voluptas. Reiciendis ipsum non molestiae possimus dolore perspiciatis? Lorem ipsum dolor sit amet consectetur, adipisicing elit. Dolorum quis iste, qui suscipit sit accusantium vitae aliquam fugiat et, ratione asperiores aliquid aspernatur repellendus! Distinctio aliquid eligendi nostrum ullam delectus.</p> <p>Lorem ipsum, dolor sit amet consectetur adipisicing elit. Non asperiores repudiandae suscipit cumque labore. Magnam tempora consectetur suscipit fugiat fugit sint numquam dolores quisquam et cum, corporis, earum accusantium voluptates! Lorem ipsum dolor, sit amet consectetur adipisicing elit. Maxime, possimus iure. Facere aliquid similique iste saepe voluptatem sed nesciunt minus, iure adipisci molestias, excepturi, neque totam provident reiciendis illo! Corporis! Lorem ipsum dolor sit amet consectetur adipisicing elit. Expedita possimus perferendis nemo enim aliquam alias dolorem aut esse ipsum earum, vero porro, odio sequi praesentium ut odit! Dolorem, velit? Laborum. Lorem ipsum, dolor sit amet consectetur adipisicing elit. Vel dignissimos fugiat saepe maxime totam omnis debitis tenetur blanditiis, ipsam ea sequi nisi voluptas. Reiciendis ipsum non molestiae possimus dolore perspiciatis? Lorem ipsum dolor sit amet consectetur, adipisicing elit. Dolorum quis iste, qui suscipit sit accusantium vitae aliquam fugiat et, ratione asperiores aliquid aspernatur repellendus! Distinctio aliquid eligendi nostrum ullam delectus.</p> </div> </section> </div> </div>  ', 2)
10 SYSTEMPATH\CodeIgniter.php(896): App\Controllers\Riwayat->print('2')
11 SYSTEMPATH\CodeIgniter.php(466): CodeIgniter\CodeIgniter->runController(Object(App\Controllers\Riwayat))
12 SYSTEMPATH\CodeIgniter.php(349): CodeIgniter\CodeIgniter->handleRequest(null, Object(Config\Cache), false)
13 FCPATH\index.php(55): CodeIgniter\CodeIgniter->run()
CRITICAL - 2022-08-03 01:31:09 --> Uninitialized string offset: 0
in VENDORPATH\mpdf\mpdf\src\Mpdf.php on line 16653.
 1 VENDORPATH\mpdf\mpdf\src\Mpdf.php(16653): CodeIgniter\Debug\Exceptions->errorHandler(8, 'Uninitialized string offset: 0', 'VENDORPATH\\mpdf\\mpdf\\src\\Mpdf.php', 16653, [...])
 2 VENDORPATH\mpdf\mpdf\src\Mpdf.php(16880): Mpdf\Mpdf->_setBorderLine([...])
 3 VENDORPATH\mpdf\mpdf\src\Mpdf.php(3147): Mpdf\Mpdf->PaintDivBB('pagebottom', 0, 4)
 4 VENDORPATH\mpdf\mpdf\src\Mpdf.php(8465): Mpdf\Mpdf->AddPage('P')
 5 VENDORPATH\mpdf\mpdf\src\Mpdf.php(16506): Mpdf\Mpdf->WriteFlowingBlock('Lorem ipsum, dolor sit amet consectetur adipisicing elit. Non asperiores repudiandae suscipit cumque labore. Magnam tempora consectetur suscipit fugiat fugit sint numquam dolores quisquam et cum, corporis, earum accusantium voluptates! Lorem ipsum dolor, sit amet consectetur adipisicing elit. Maxime, possimus iure. Facere aliquid similique iste saepe voluptatem sed nesciunt minus, iure adipisci molestias, excepturi, neque totam provident reiciendis illo! Corporis! Lorem ipsum dolor sit amet consectetur adipisicing elit. Expedita possimus perferendis nemo enim aliquam alias dolorem aut esse ipsum earum, vero porro, odio sequi praesentium ut odit! Dolorem, velit? Laborum. Lorem ipsum, dolor sit amet consectetur adipisicing elit. Vel dignissimos fugiat saepe maxime totam omnis debitis tenetur blanditiis, ipsam ea sequi nisi voluptas. Reiciendis ipsum non molestiae possimus dolore perspiciatis? Lorem ipsum dolor sit amet consectetur, adipisicing elit. Dolorum quis iste, qui suscipit sit accusantium vitae aliquam fugiat et, ratione asperiores aliquid aspernatur repellendus! Distinctio aliquid eligendi nostrum ullam delectus.', [...])
 6 VENDORPATH\mpdf\mpdf\src\Tag\BlockTag.php(1126): Mpdf\Mpdf->printbuffer([...], 3)
 7 VENDORPATH\mpdf\mpdf\src\Tag.php(247): Mpdf\Tag\BlockTag->close([...], 141)
 8 VENDORPATH\mpdf\mpdf\src\Mpdf.php(13756): Mpdf\Tag->CloseTag('P', [...], 141)
 9 APPPATH\Controllers\Riwayat.php(630): Mpdf\Mpdf->WriteHTML('  <div class="main-page"> <div class="sub-page"> <table style="width: 100%;"> <tr> <td style="color: #006E7F;font-weight: 700;"> <p>Nama Anak</p></td> <td> <p>: Fajariana Tri Muliak</p></td> <td style="color: #006E7F;font-weight: 700;"> <p>Tanggal Tes</p></td> <td> <p>: 1 Juli 2202</p></td> </tr> <tr> <td style="color: #006E7F;font-weight: 700;"> <p>Tanggal Lahir</p></td> <td> <p>: 24 Maret 2013</p></td> <td style="color: #006E7F;font-weight: 700;"> <p>Relasi Dengan Anak</p></td> <td> <p>: Ibu</p></td> </tr> <tr> <td style="color: #006E7F;font-weight: 700;"> <p>Usia Anak</p></td> <td> <p>: 4 Tahun 11 Bulan 5 Hari</p></td> <td style="color: #006E7F;font-weight: 700;"> <p>Gender Anak</p></td> <td> <p>: Perempuan</p></td> </tr> <tr> <td colspan="2" style="color: #006E7F;font-weight: 700;"> Apakah anak terlahir prematur ?</td> <td colspan="2"> Ya, saat ___ minggu kehamilan</td> </tr> </table> <br /><section> <div class="card"> <p>Lorem ipsum, dolor sit amet consectetur adipisicing elit. Non asperiores repudiandae suscipit cumque labore. Magnam tempora consectetur suscipit fugiat fugit sint numquam dolores quisquam et cum, corporis, earum accusantium voluptates! Lorem ipsum dolor, sit amet consectetur adipisicing elit. Maxime, possimus iure. Facere aliquid similique iste saepe voluptatem sed nesciunt minus, iure adipisci molestias, excepturi, neque totam provident reiciendis illo! Corporis! Lorem ipsum dolor sit amet consectetur adipisicing elit. Expedita possimus perferendis nemo enim aliquam alias dolorem aut esse ipsum earum, vero porro, odio sequi praesentium ut odit! Dolorem, velit? Laborum. Lorem ipsum, dolor sit amet consectetur adipisicing elit. Vel dignissimos fugiat saepe maxime totam omnis debitis tenetur blanditiis, ipsam ea sequi nisi voluptas. Reiciendis ipsum non molestiae possimus dolore perspiciatis? Lorem ipsum dolor sit amet consectetur, adipisicing elit. Dolorum quis iste, qui suscipit sit accusantium vitae aliquam fugiat et, ratione asperiores aliquid aspernatur repellendus! Distinctio aliquid eligendi nostrum ullam delectus.</p> <p>Lorem ipsum, dolor sit amet consectetur adipisicing elit. Non asperiores repudiandae suscipit cumque labore. Magnam tempora consectetur suscipit fugiat fugit sint numquam dolores quisquam et cum, corporis, earum accusantium voluptates! Lorem ipsum dolor, sit amet consectetur adipisicing elit. Maxime, possimus iure. Facere aliquid similique iste saepe voluptatem sed nesciunt minus, iure adipisci molestias, excepturi, neque totam provident reiciendis illo! Corporis! Lorem ipsum dolor sit amet consectetur adipisicing elit. Expedita possimus perferendis nemo enim aliquam alias dolorem aut esse ipsum earum, vero porro, odio sequi praesentium ut odit! Dolorem, velit? Laborum. Lorem ipsum, dolor sit amet consectetur adipisicing elit. Vel dignissimos fugiat saepe maxime totam omnis debitis tenetur blanditiis, ipsam ea sequi nisi voluptas. Reiciendis ipsum non molestiae possimus dolore perspiciatis? Lorem ipsum dolor sit amet consectetur, adipisicing elit. Dolorum quis iste, qui suscipit sit accusantium vitae aliquam fugiat et, ratione asperiores aliquid aspernatur repellendus! Distinctio aliquid eligendi nostrum ullam delectus.</p> </div> </section> </div> </div>  ', 2)
10 SYSTEMPATH\CodeIgniter.php(896): App\Controllers\Riwayat->print('2')
11 SYSTEMPATH\CodeIgniter.php(466): CodeIgniter\CodeIgniter->runController(Object(App\Controllers\Riwayat))
12 SYSTEMPATH\CodeIgniter.php(349): CodeIgniter\CodeIgniter->handleRequest(null, Object(Config\Cache), false)
13 FCPATH\index.php(55): CodeIgniter\CodeIgniter->run()
CRITICAL - 2022-08-03 02:43:06 --> Array to string conversion
in APPPATH\Views\profil.php on line 72.
 1 APPPATH\Views\profil.php(72): CodeIgniter\Debug\Exceptions->errorHandler(8, 'Array to string conversion', 'APPPATH\\Views\\profil.php', 72, [...])
 2 SYSTEMPATH\View\View.php(213): include('APPPATH\\Views\\profil.php')
 3 SYSTEMPATH\View\View.php(216): CodeIgniter\View\View->CodeIgniter\View\{closure}()
 4 SYSTEMPATH\Common.php(1135): CodeIgniter\View\View->render('profil', [], true)
 5 APPPATH\Controllers\Anak.php(30): view('profil', [...])
 6 SYSTEMPATH\CodeIgniter.php(896): App\Controllers\Anak->index()
 7 SYSTEMPATH\CodeIgniter.php(466): CodeIgniter\CodeIgniter->runController(Object(App\Controllers\Anak))
 8 SYSTEMPATH\CodeIgniter.php(349): CodeIgniter\CodeIgniter->handleRequest(null, Object(Config\Cache), false)
 9 FCPATH\index.php(55): CodeIgniter\CodeIgniter->run()
CRITICAL - 2022-08-03 06:11:30 --> Undefined variable: gender
in APPPATH\Views\page\inpoice.php on line 45.
 1 APPPATH\Views\page\inpoice.php(45): CodeIgniter\Debug\Exceptions->errorHandler(8, 'Undefined variable: gender', 'APPPATH\\Views\\page\\inpoice.php', 45, [...])
 2 SYSTEMPATH\View\View.php(213): include('APPPATH\\Views\\page\\inpoice.php')
 3 SYSTEMPATH\View\View.php(216): CodeIgniter\View\View->CodeIgniter\View\{closure}()
 4 SYSTEMPATH\Common.php(1135): CodeIgniter\View\View->render('page/inpoice', [], true)
 5 APPPATH\Controllers\Riwayat.php(624): view('page/inpoice', [...])
 6 SYSTEMPATH\CodeIgniter.php(896): App\Controllers\Riwayat->print('2')
 7 SYSTEMPATH\CodeIgniter.php(466): CodeIgniter\CodeIgniter->runController(Object(App\Controllers\Riwayat))
 8 SYSTEMPATH\CodeIgniter.php(349): CodeIgniter\CodeIgniter->handleRequest(null, Object(Config\Cache), false)
 9 FCPATH\index.php(55): CodeIgniter\CodeIgniter->run()
CRITICAL - 2022-08-03 08:32:25 --> Undefined variable: css
in APPPATH\Views\layout\header.php on line 11.
 1 APPPATH\Views\layout\header.php(11): CodeIgniter\Debug\Exceptions->errorHandler(8, 'Undefined variable: css', 'APPPATH\\Views\\layout\\header.php', 11, [])
 2 SYSTEMPATH\View\View.php(213): include('APPPATH\\Views\\layout\\header.php')
 3 SYSTEMPATH\View\View.php(216): CodeIgniter\View\View->CodeIgniter\View\{closure}()
 4 SYSTEMPATH\View\View.php(429): CodeIgniter\View\View->render('layout/header', null, true)
 5 APPPATH\Views\visi.php(1): CodeIgniter\View\View->include('layout/header')
 6 SYSTEMPATH\View\View.php(213): include('APPPATH\\Views\\visi.php')
 7 SYSTEMPATH\View\View.php(216): CodeIgniter\View\View->CodeIgniter\View\{closure}()
 8 SYSTEMPATH\Common.php(1135): CodeIgniter\View\View->render('visi', [], true)
 9 APPPATH\Controllers\Home.php(89): view('visi', [])
10 SYSTEMPATH\CodeIgniter.php(896): App\Controllers\Home->visi()
11 SYSTEMPATH\CodeIgniter.php(466): CodeIgniter\CodeIgniter->runController(Object(App\Controllers\Home))
12 SYSTEMPATH\CodeIgniter.php(349): CodeIgniter\CodeIgniter->handleRequest(null, Object(Config\Cache), false)
13 FCPATH\index.php(55): CodeIgniter\CodeIgniter->run()
CRITICAL - 2022-08-03 21:58:19 --> Invalid file: page/inpoice.php
in SYSTEMPATH\Exceptions\FrameworkException.php on line 33.
 1 SYSTEMPATH\View\View.php(201): CodeIgniter\Exceptions\FrameworkException::forInvalidFile('page/inpoice.php')
 2 SYSTEMPATH\Common.php(1135): CodeIgniter\View\View->render('page/inpoice', [], true)
 3 APPPATH\Controllers\Riwayat.php(630): view('page/inpoice', [...])
 4 SYSTEMPATH\CodeIgniter.php(896): App\Controllers\Riwayat->print('2')
 5 SYSTEMPATH\CodeIgniter.php(466): CodeIgniter\CodeIgniter->runController(Object(App\Controllers\Riwayat))
 6 SYSTEMPATH\CodeIgniter.php(349): CodeIgniter\CodeIgniter->handleRequest(null, Object(Config\Cache), false)
 7 FCPATH\index.php(55): CodeIgniter\CodeIgniter->run()
CRITICAL - 2022-08-03 22:50:01 --> Undefined variable: isi_html_2
in APPPATH\Views\page\invoice2.php on line 37.
 1 APPPATH\Views\page\invoice2.php(37): CodeIgniter\Debug\Exceptions->errorHandler(8, 'Undefined variable: isi_html_2', 'APPPATH\\Views\\page\\invoice2.php', 37, [...])
 2 SYSTEMPATH\View\View.php(213): include('APPPATH\\Views\\page\\invoice2.php')
 3 SYSTEMPATH\View\View.php(216): CodeIgniter\View\View->CodeIgniter\View\{closure}()
 4 SYSTEMPATH\Common.php(1135): CodeIgniter\View\View->render('page/invoice2', [], true)
 5 APPPATH\Controllers\Riwayat.php(768): view('page/invoice2', [...])
 6 SYSTEMPATH\CodeIgniter.php(896): App\Controllers\Riwayat->print('2')
 7 SYSTEMPATH\CodeIgniter.php(466): CodeIgniter\CodeIgniter->runController(Object(App\Controllers\Riwayat))
 8 SYSTEMPATH\CodeIgniter.php(349): CodeIgniter\CodeIgniter->handleRequest(null, Object(Config\Cache), false)
 9 FCPATH\index.php(55): CodeIgniter\CodeIgniter->run()
CRITICAL - 2022-08-03 22:53:44 --> Undefined index: area5
in APPPATH\Controllers\Riwayat.php on line 560.
 1 APPPATH\Controllers\Riwayat.php(560): CodeIgniter\Debug\Exceptions->errorHandler(8, 'Undefined index: area5', 'APPPATH\\Controllers\\Riwayat.php', 560, [...])
 2 APPPATH\Controllers\Riwayat.php(707): App\Controllers\Riwayat->isi_html(1, 'putih', 'putih', 'putih', 'hitam', 'Ana')
 3 SYSTEMPATH\CodeIgniter.php(896): App\Controllers\Riwayat->print('2')
 4 SYSTEMPATH\CodeIgniter.php(466): CodeIgniter\CodeIgniter->runController(Object(App\Controllers\Riwayat))
 5 SYSTEMPATH\CodeIgniter.php(349): CodeIgniter\CodeIgniter->handleRequest(null, Object(Config\Cache), false)
 6 FCPATH\index.php(55): CodeIgniter\CodeIgniter->run()
CRITICAL - 2022-08-03 22:55:02 --> Undefined index: isi
in APPPATH\Controllers\Riwayat.php on line 567.
 1 APPPATH\Controllers\Riwayat.php(567): CodeIgniter\Debug\Exceptions->errorHandler(8, 'Undefined index: isi', 'APPPATH\\Controllers\\Riwayat.php', 567, [...])
 2 APPPATH\Controllers\Riwayat.php(707): App\Controllers\Riwayat->isi_html(1, 'putih', 'putih', 'putih', 'hitam', 'Ana')
 3 SYSTEMPATH\CodeIgniter.php(896): App\Controllers\Riwayat->print('2')
 4 SYSTEMPATH\CodeIgniter.php(466): CodeIgniter\CodeIgniter->runController(Object(App\Controllers\Riwayat))
 5 SYSTEMPATH\CodeIgniter.php(349): CodeIgniter\CodeIgniter->handleRequest(null, Object(Config\Cache), false)
 6 FCPATH\index.php(55): CodeIgniter\CodeIgniter->run()
CRITICAL - 2022-08-03 22:57:32 --> Undefined index: abu-abu
in APPPATH\Controllers\Riwayat.php on line 499.
 1 APPPATH\Controllers\Riwayat.php(499): CodeIgniter\Debug\Exceptions->errorHandler(8, 'Undefined index: abu-abu', 'APPPATH\\Controllers\\Riwayat.php', 499, [...])
 2 APPPATH\Controllers\Riwayat.php(708): App\Controllers\Riwayat->isi_html(1, 'abu-abu', 'abu-abu', 'abu-abu', 'abu-abu', 'Ana')
 3 SYSTEMPATH\CodeIgniter.php(896): App\Controllers\Riwayat->print('2')
 4 SYSTEMPATH\CodeIgniter.php(466): CodeIgniter\CodeIgniter->runController(Object(App\Controllers\Riwayat))
 5 SYSTEMPATH\CodeIgniter.php(349): CodeIgniter\CodeIgniter->handleRequest(null, Object(Config\Cache), false)
 6 FCPATH\index.php(55): CodeIgniter\CodeIgniter->run()
CRITICAL - 2022-08-03 23:01:53 --> Undefined variable: isi_html_2
in APPPATH\Views\page\invoice2.php on line 37.
 1 APPPATH\Views\page\invoice2.php(37): CodeIgniter\Debug\Exceptions->errorHandler(8, 'Undefined variable: isi_html_2', 'APPPATH\\Views\\page\\invoice2.php', 37, [...])
 2 SYSTEMPATH\View\View.php(213): include('APPPATH\\Views\\page\\invoice2.php')
 3 SYSTEMPATH\View\View.php(216): CodeIgniter\View\View->CodeIgniter\View\{closure}()
 4 SYSTEMPATH\Common.php(1135): CodeIgniter\View\View->render('page/invoice2', [], true)
 5 APPPATH\Controllers\Riwayat.php(769): view('page/invoice2', [...])
 6 SYSTEMPATH\CodeIgniter.php(896): App\Controllers\Riwayat->print('2')
 7 SYSTEMPATH\CodeIgniter.php(466): CodeIgniter\CodeIgniter->runController(Object(App\Controllers\Riwayat))
 8 SYSTEMPATH\CodeIgniter.php(349): CodeIgniter\CodeIgniter->handleRequest(null, Object(Config\Cache), false)
 9 FCPATH\index.php(55): CodeIgniter\CodeIgniter->run()
CRITICAL - 2022-08-03 23:05:14 --> Undefined index: centang4
in APPPATH\Views\page\invoice2.php on line 90.
 1 APPPATH\Views\page\invoice2.php(90): CodeIgniter\Debug\Exceptions->errorHandler(8, 'Undefined index: centang4', 'APPPATH\\Views\\page\\invoice2.php', 90, [...])
 2 SYSTEMPATH\View\View.php(213): include('APPPATH\\Views\\page\\invoice2.php')
 3 SYSTEMPATH\View\View.php(216): CodeIgniter\View\View->CodeIgniter\View\{closure}()
 4 SYSTEMPATH\Common.php(1135): CodeIgniter\View\View->render('page/invoice2', [], true)
 5 APPPATH\Controllers\Riwayat.php(769): view('page/invoice2', [...])
 6 SYSTEMPATH\CodeIgniter.php(896): App\Controllers\Riwayat->print('2')
 7 SYSTEMPATH\CodeIgniter.php(466): CodeIgniter\CodeIgniter->runController(Object(App\Controllers\Riwayat))
 8 SYSTEMPATH\CodeIgniter.php(349): CodeIgniter\CodeIgniter->handleRequest(null, Object(Config\Cache), false)
 9 FCPATH\index.php(55): CodeIgniter\CodeIgniter->run()
CRITICAL - 2022-08-03 23:05:54 --> Undefined index: centang4
in APPPATH\Views\page\invoice2.php on line 90.
 1 APPPATH\Views\page\invoice2.php(90): CodeIgniter\Debug\Exceptions->errorHandler(8, 'Undefined index: centang4', 'APPPATH\\Views\\page\\invoice2.php', 90, [...])
 2 SYSTEMPATH\View\View.php(213): include('APPPATH\\Views\\page\\invoice2.php')
 3 SYSTEMPATH\View\View.php(216): CodeIgniter\View\View->CodeIgniter\View\{closure}()
 4 SYSTEMPATH\Common.php(1135): CodeIgniter\View\View->render('page/invoice2', [], true)
 5 APPPATH\Controllers\Riwayat.php(769): view('page/invoice2', [...])
 6 SYSTEMPATH\CodeIgniter.php(896): App\Controllers\Riwayat->print('2')
 7 SYSTEMPATH\CodeIgniter.php(466): CodeIgniter\CodeIgniter->runController(Object(App\Controllers\Riwayat))
 8 SYSTEMPATH\CodeIgniter.php(349): CodeIgniter\CodeIgniter->handleRequest(null, Object(Config\Cache), false)
 9 FCPATH\index.php(55): CodeIgniter\CodeIgniter->run()
CRITICAL - 2022-08-03 23:08:44 --> Array to string conversion
in APPPATH\Views\page\invoice3.php on line 7.
 1 APPPATH\Views\page\invoice3.php(7): CodeIgniter\Debug\Exceptions->errorHandler(8, 'Array to string conversion', 'APPPATH\\Views\\page\\invoice3.php', 7, [...])
 2 SYSTEMPATH\View\View.php(213): include('APPPATH\\Views\\page\\invoice3.php')
 3 SYSTEMPATH\View\View.php(216): CodeIgniter\View\View->CodeIgniter\View\{closure}()
 4 SYSTEMPATH\Common.php(1135): CodeIgniter\View\View->render('page/invoice3', [], true)
 5 APPPATH\Controllers\Riwayat.php(775): view('page/invoice3', [...])
 6 SYSTEMPATH\CodeIgniter.php(896): App\Controllers\Riwayat->print('2')
 7 SYSTEMPATH\CodeIgniter.php(466): CodeIgniter\CodeIgniter->runController(Object(App\Controllers\Riwayat))
 8 SYSTEMPATH\CodeIgniter.php(349): CodeIgniter\CodeIgniter->handleRequest(null, Object(Config\Cache), false)
 9 FCPATH\index.php(55): CodeIgniter\CodeIgniter->run()
CRITICAL - 2022-08-03 23:37:41 --> Array to string conversion
in APPPATH\Views\page\invoice2.php on line 42.
 1 APPPATH\Views\page\invoice2.php(42): CodeIgniter\Debug\Exceptions->errorHandler(8, 'Array to string conversion', 'APPPATH\\Views\\page\\invoice2.php', 42, [...])
 2 SYSTEMPATH\View\View.php(213): include('APPPATH\\Views\\page\\invoice2.php')
 3 SYSTEMPATH\View\View.php(216): CodeIgniter\View\View->CodeIgniter\View\{closure}()
 4 SYSTEMPATH\Common.php(1135): CodeIgniter\View\View->render('page/invoice2', [], true)
 5 APPPATH\Controllers\Riwayat.php(785): view('page/invoice2', [...])
 6 SYSTEMPATH\CodeIgniter.php(896): App\Controllers\Riwayat->print('2')
 7 SYSTEMPATH\CodeIgniter.php(466): CodeIgniter\CodeIgniter->runController(Object(App\Controllers\Riwayat))
 8 SYSTEMPATH\CodeIgniter.php(349): CodeIgniter\CodeIgniter->handleRequest(null, Object(Config\Cache), false)
 9 FCPATH\index.php(55): CodeIgniter\CodeIgniter->run()
