ERROR - 2022-08-01 01:56:30 --> Unknown column 'urutan' in 'order clause'
CRITICAL - 2022-08-01 01:56:30 --> Unknown column 'urutan' in 'order clause'
in SYSTEMPATH\Database\MySQLi\Connection.php on line 292.
 1 SYSTEMPATH\Database\MySQLi\Connection.php(292): mysqli->query('SELECT *
FROM `soal`
JOIN `test` ON `soal`.`id_test` = `test`.`id`
WHERE `tipe_opsi` = \'A\'
AND `id_test` = \'2\'
ORDER BY `urutan` ASC', 0)
 2 SYSTEMPATH\Database\BaseConnection.php(695): CodeIgniter\Database\MySQLi\Connection->execute('SELECT *
FROM `soal`
JOIN `test` ON `soal`.`id_test` = `test`.`id`
WHERE `tipe_opsi` = \'A\'
AND `id_test` = \'2\'
ORDER BY `urutan` ASC')
 3 SYSTEMPATH\Database\BaseConnection.php(609): CodeIgniter\Database\BaseConnection->simpleQuery('SELECT *
FROM `soal`
JOIN `test` ON `soal`.`id_test` = `test`.`id`
WHERE `tipe_opsi` = \'A\'
AND `id_test` = \'2\'
ORDER BY `urutan` ASC')
 4 SYSTEMPATH\Database\BaseBuilder.php(1585): CodeIgniter\Database\BaseConnection->query('SELECT *
FROM `soal`
JOIN `test` ON `soal`.`id_test` = `test`.`id`
WHERE `tipe_opsi` = :tipe_opsi:
AND `id_test` = :id_test:
ORDER BY `urutan` ASC', [...], false)
 5 SYSTEMPATH\Model.php(222): CodeIgniter\Database\BaseBuilder->get()
 6 SYSTEMPATH\BaseModel.php(584): CodeIgniter\Model->doFindAll(0, 0)
 7 APPPATH\Controllers\Test.php(87): CodeIgniter\BaseModel->findAll()
 8 SYSTEMPATH\CodeIgniter.php(896): App\Controllers\Test->startTest()
 9 SYSTEMPATH\CodeIgniter.php(466): CodeIgniter\CodeIgniter->runController(Object(App\Controllers\Test))
10 SYSTEMPATH\CodeIgniter.php(349): CodeIgniter\CodeIgniter->handleRequest(null, Object(Config\Cache), false)
11 FCPATH\index.php(55): CodeIgniter\CodeIgniter->run()
CRITICAL - 2022-08-01 02:37:11 --> Undefined property: App\Controllers\Riwayat::$testModel
in APPPATH\Controllers\Riwayat.php on line 20.
 1 APPPATH\Controllers\Riwayat.php(20): CodeIgniter\Debug\Exceptions->errorHandler(8, 'Undefined property: App\\Controllers\\Riwayat::$testModel', 'APPPATH\\Controllers\\Riwayat.php', 20, [])
 2 SYSTEMPATH\CodeIgniter.php(858): App\Controllers\Riwayat->__construct()
 3 SYSTEMPATH\CodeIgniter.php(457): CodeIgniter\CodeIgniter->createController()
 4 SYSTEMPATH\CodeIgniter.php(349): CodeIgniter\CodeIgniter->handleRequest(null, Object(Config\Cache), false)
 5 FCPATH\index.php(55): CodeIgniter\CodeIgniter->run()
ERROR - 2022-08-01 02:37:36 --> Table 'akusiapsekolahdb.user' doesn't exist
CRITICAL - 2022-08-01 02:37:36 --> Table 'akusiapsekolahdb.user' doesn't exist
in SYSTEMPATH\Database\MySQLi\Connection.php on line 292.
 1 SYSTEMPATH\Database\MySQLi\Connection.php(292): mysqli->query('SELECT *
FROM `riwayat`
JOIN `data_anak` ON `riwayat`.`id_anak` = `data_anak`.`id`
JOIN `user` ON `data_anak`.`id_users` = `user`.`id`
WHERE `id_users` IS NULL
AND `id_anak` = \'1\'
AND `id` = \'24\'', 0)
 2 SYSTEMPATH\Database\BaseConnection.php(695): CodeIgniter\Database\MySQLi\Connection->execute('SELECT *
FROM `riwayat`
JOIN `data_anak` ON `riwayat`.`id_anak` = `data_anak`.`id`
JOIN `user` ON `data_anak`.`id_users` = `user`.`id`
WHERE `id_users` IS NULL
AND `id_anak` = \'1\'
AND `id` = \'24\'')
 3 SYSTEMPATH\Database\BaseConnection.php(609): CodeIgniter\Database\BaseConnection->simpleQuery('SELECT *
FROM `riwayat`
JOIN `data_anak` ON `riwayat`.`id_anak` = `data_anak`.`id`
JOIN `user` ON `data_anak`.`id_users` = `user`.`id`
WHERE `id_users` IS NULL
AND `id_anak` = \'1\'
AND `id` = \'24\'')
 4 SYSTEMPATH\Database\BaseBuilder.php(1585): CodeIgniter\Database\BaseConnection->query('SELECT *
FROM `riwayat`
JOIN `data_anak` ON `riwayat`.`id_anak` = `data_anak`.`id`
JOIN `user` ON `data_anak`.`id_users` = `user`.`id`
WHERE `id_users` IS NULL
AND `id_anak` = :id_anak:
AND `id` = :id:', [...], false)
 5 SYSTEMPATH\Model.php(184): CodeIgniter\Database\BaseBuilder->get()
 6 SYSTEMPATH\BaseModel.php(523): CodeIgniter\Model->doFind(false, null)
 7 APPPATH\Controllers\Riwayat.php(86): CodeIgniter\BaseModel->find()
 8 APPPATH\Controllers\Riwayat.php(126): App\Controllers\Riwayat->process_data('24')
 9 SYSTEMPATH\CodeIgniter.php(896): App\Controllers\Riwayat->print('24')
10 SYSTEMPATH\CodeIgniter.php(466): CodeIgniter\CodeIgniter->runController(Object(App\Controllers\Riwayat))
11 SYSTEMPATH\CodeIgniter.php(349): CodeIgniter\CodeIgniter->handleRequest(null, Object(Config\Cache), false)
12 FCPATH\index.php(55): CodeIgniter\CodeIgniter->run()
ERROR - 2022-08-01 02:38:21 --> Column 'id' in where clause is ambiguous
CRITICAL - 2022-08-01 02:38:21 --> Column 'id' in where clause is ambiguous
in SYSTEMPATH\Database\MySQLi\Connection.php on line 292.
 1 SYSTEMPATH\Database\MySQLi\Connection.php(292): mysqli->query('SELECT *
FROM `riwayat`
JOIN `data_anak` ON `riwayat`.`id_anak` = `data_anak`.`id`
JOIN `users` ON `data_anak`.`id_users` = `users`.`id`
WHERE `id_users` IS NULL
AND `id_anak` = \'1\'
AND `id` = \'24\'', 0)
 2 SYSTEMPATH\Database\BaseConnection.php(695): CodeIgniter\Database\MySQLi\Connection->execute('SELECT *
FROM `riwayat`
JOIN `data_anak` ON `riwayat`.`id_anak` = `data_anak`.`id`
JOIN `users` ON `data_anak`.`id_users` = `users`.`id`
WHERE `id_users` IS NULL
AND `id_anak` = \'1\'
AND `id` = \'24\'')
 3 SYSTEMPATH\Database\BaseConnection.php(609): CodeIgniter\Database\BaseConnection->simpleQuery('SELECT *
FROM `riwayat`
JOIN `data_anak` ON `riwayat`.`id_anak` = `data_anak`.`id`
JOIN `users` ON `data_anak`.`id_users` = `users`.`id`
WHERE `id_users` IS NULL
AND `id_anak` = \'1\'
AND `id` = \'24\'')
 4 SYSTEMPATH\Database\BaseBuilder.php(1585): CodeIgniter\Database\BaseConnection->query('SELECT *
FROM `riwayat`
JOIN `data_anak` ON `riwayat`.`id_anak` = `data_anak`.`id`
JOIN `users` ON `data_anak`.`id_users` = `users`.`id`
WHERE `id_users` IS NULL
AND `id_anak` = :id_anak:
AND `id` = :id:', [...], false)
 5 SYSTEMPATH\Model.php(184): CodeIgniter\Database\BaseBuilder->get()
 6 SYSTEMPATH\BaseModel.php(523): CodeIgniter\Model->doFind(false, null)
 7 APPPATH\Controllers\Riwayat.php(86): CodeIgniter\BaseModel->find()
 8 APPPATH\Controllers\Riwayat.php(126): App\Controllers\Riwayat->process_data('24')
 9 SYSTEMPATH\CodeIgniter.php(896): App\Controllers\Riwayat->print('24')
10 SYSTEMPATH\CodeIgniter.php(466): CodeIgniter\CodeIgniter->runController(Object(App\Controllers\Riwayat))
11 SYSTEMPATH\CodeIgniter.php(349): CodeIgniter\CodeIgniter->handleRequest(null, Object(Config\Cache), false)
12 FCPATH\index.php(55): CodeIgniter\CodeIgniter->run()
ERROR - 2022-08-01 02:39:50 --> Unknown column 'idUser' in 'where clause'
CRITICAL - 2022-08-01 02:39:50 --> Unknown column 'idUser' in 'where clause'
in SYSTEMPATH\Database\MySQLi\Connection.php on line 292.
 1 SYSTEMPATH\Database\MySQLi\Connection.php(292): mysqli->query('SELECT *
FROM `data_anak`
WHERE `idUser` IS NULL
AND `idAnak` = \'1\'', 0)
 2 SYSTEMPATH\Database\BaseConnection.php(695): CodeIgniter\Database\MySQLi\Connection->execute('SELECT *
FROM `data_anak`
WHERE `idUser` IS NULL
AND `idAnak` = \'1\'')
 3 SYSTEMPATH\Database\BaseConnection.php(609): CodeIgniter\Database\BaseConnection->simpleQuery('SELECT *
FROM `data_anak`
WHERE `idUser` IS NULL
AND `idAnak` = \'1\'')
 4 SYSTEMPATH\Database\BaseBuilder.php(1585): CodeIgniter\Database\BaseConnection->query('SELECT *
FROM `data_anak`
WHERE `idUser` IS NULL
AND `idAnak` = :idAnak:', [...], false)
 5 SYSTEMPATH\Model.php(184): CodeIgniter\Database\BaseBuilder->get()
 6 SYSTEMPATH\BaseModel.php(523): CodeIgniter\Model->doFind(false, null)
 7 APPPATH\Controllers\Riwayat.php(91): CodeIgniter\BaseModel->find()
 8 APPPATH\Controllers\Riwayat.php(126): App\Controllers\Riwayat->process_data('24')
 9 SYSTEMPATH\CodeIgniter.php(896): App\Controllers\Riwayat->print('24')
10 SYSTEMPATH\CodeIgniter.php(466): CodeIgniter\CodeIgniter->runController(Object(App\Controllers\Riwayat))
11 SYSTEMPATH\CodeIgniter.php(349): CodeIgniter\CodeIgniter->handleRequest(null, Object(Config\Cache), false)
12 FCPATH\index.php(55): CodeIgniter\CodeIgniter->run()
ERROR - 2022-08-01 02:40:56 --> Unknown column 'anak.id_users' in 'where clause'
CRITICAL - 2022-08-01 02:40:56 --> Unknown column 'anak.id_users' in 'where clause'
in SYSTEMPATH\Database\MySQLi\Connection.php on line 292.
 1 SYSTEMPATH\Database\MySQLi\Connection.php(292): mysqli->query('SELECT *
FROM `riwayat`
JOIN `data_anak` ON `riwayat`.`id_anak` = `data_anak`.`id`
JOIN `users` ON `data_anak`.`id_users` = `users`.`id`
WHERE `anak`.`id_users` IS NULL
AND `id_anak` = \'1\'
AND `riwayat`.`id` = \'24\'', 0)
 2 SYSTEMPATH\Database\BaseConnection.php(695): CodeIgniter\Database\MySQLi\Connection->execute('SELECT *
FROM `riwayat`
JOIN `data_anak` ON `riwayat`.`id_anak` = `data_anak`.`id`
JOIN `users` ON `data_anak`.`id_users` = `users`.`id`
WHERE `anak`.`id_users` IS NULL
AND `id_anak` = \'1\'
AND `riwayat`.`id` = \'24\'')
 3 SYSTEMPATH\Database\BaseConnection.php(609): CodeIgniter\Database\BaseConnection->simpleQuery('SELECT *
FROM `riwayat`
JOIN `data_anak` ON `riwayat`.`id_anak` = `data_anak`.`id`
JOIN `users` ON `data_anak`.`id_users` = `users`.`id`
WHERE `anak`.`id_users` IS NULL
AND `id_anak` = \'1\'
AND `riwayat`.`id` = \'24\'')
 4 SYSTEMPATH\Database\BaseBuilder.php(1585): CodeIgniter\Database\BaseConnection->query('SELECT *
FROM `riwayat`
JOIN `data_anak` ON `riwayat`.`id_anak` = `data_anak`.`id`
JOIN `users` ON `data_anak`.`id_users` = `users`.`id`
WHERE `anak`.`id_users` IS NULL
AND `id_anak` = :id_anak:
AND `riwayat`.`id` = :riwayat.id:', [...], false)
 5 SYSTEMPATH\Model.php(184): CodeIgniter\Database\BaseBuilder->get()
 6 SYSTEMPATH\BaseModel.php(523): CodeIgniter\Model->doFind(false, null)
 7 APPPATH\Controllers\Riwayat.php(86): CodeIgniter\BaseModel->find()
 8 APPPATH\Controllers\Riwayat.php(126): App\Controllers\Riwayat->process_data('24')
 9 SYSTEMPATH\CodeIgniter.php(896): App\Controllers\Riwayat->print('24')
10 SYSTEMPATH\CodeIgniter.php(466): CodeIgniter\CodeIgniter->runController(Object(App\Controllers\Riwayat))
11 SYSTEMPATH\CodeIgniter.php(349): CodeIgniter\CodeIgniter->handleRequest(null, Object(Config\Cache), false)
12 FCPATH\index.php(55): CodeIgniter\CodeIgniter->run()
ERROR - 2022-08-01 02:41:31 --> Unknown column 'idUser' in 'where clause'
CRITICAL - 2022-08-01 02:41:31 --> Unknown column 'idUser' in 'where clause'
in SYSTEMPATH\Database\MySQLi\Connection.php on line 292.
 1 SYSTEMPATH\Database\MySQLi\Connection.php(292): mysqli->query('SELECT *
FROM `data_anak`
WHERE `idUser` IS NULL
AND `idAnak` = \'1\'', 0)
 2 SYSTEMPATH\Database\BaseConnection.php(695): CodeIgniter\Database\MySQLi\Connection->execute('SELECT *
FROM `data_anak`
WHERE `idUser` IS NULL
AND `idAnak` = \'1\'')
 3 SYSTEMPATH\Database\BaseConnection.php(609): CodeIgniter\Database\BaseConnection->simpleQuery('SELECT *
FROM `data_anak`
WHERE `idUser` IS NULL
AND `idAnak` = \'1\'')
 4 SYSTEMPATH\Database\BaseBuilder.php(1585): CodeIgniter\Database\BaseConnection->query('SELECT *
FROM `data_anak`
WHERE `idUser` IS NULL
AND `idAnak` = :idAnak:', [...], false)
 5 SYSTEMPATH\Model.php(184): CodeIgniter\Database\BaseBuilder->get()
 6 SYSTEMPATH\BaseModel.php(523): CodeIgniter\Model->doFind(false, null)
 7 APPPATH\Controllers\Riwayat.php(91): CodeIgniter\BaseModel->find()
 8 APPPATH\Controllers\Riwayat.php(126): App\Controllers\Riwayat->process_data('24')
 9 SYSTEMPATH\CodeIgniter.php(896): App\Controllers\Riwayat->print('24')
10 SYSTEMPATH\CodeIgniter.php(466): CodeIgniter\CodeIgniter->runController(Object(App\Controllers\Riwayat))
11 SYSTEMPATH\CodeIgniter.php(349): CodeIgniter\CodeIgniter->handleRequest(null, Object(Config\Cache), false)
12 FCPATH\index.php(55): CodeIgniter\CodeIgniter->run()
ERROR - 2022-08-01 02:42:14 --> Unknown column 'idUser' in 'where clause'
CRITICAL - 2022-08-01 02:42:14 --> Unknown column 'idUser' in 'where clause'
in SYSTEMPATH\Database\MySQLi\Connection.php on line 292.
 1 SYSTEMPATH\Database\MySQLi\Connection.php(292): mysqli->query('SELECT *
FROM `data_anak`
WHERE `idUser` IS NULL
AND `idAnak` = \'1\'', 0)
 2 SYSTEMPATH\Database\BaseConnection.php(695): CodeIgniter\Database\MySQLi\Connection->execute('SELECT *
FROM `data_anak`
WHERE `idUser` IS NULL
AND `idAnak` = \'1\'')
 3 SYSTEMPATH\Database\BaseConnection.php(609): CodeIgniter\Database\BaseConnection->simpleQuery('SELECT *
FROM `data_anak`
WHERE `idUser` IS NULL
AND `idAnak` = \'1\'')
 4 SYSTEMPATH\Database\BaseBuilder.php(1585): CodeIgniter\Database\BaseConnection->query('SELECT *
FROM `data_anak`
WHERE `idUser` IS NULL
AND `idAnak` = :idAnak:', [...], false)
 5 SYSTEMPATH\Model.php(184): CodeIgniter\Database\BaseBuilder->get()
 6 SYSTEMPATH\BaseModel.php(523): CodeIgniter\Model->doFind(false, null)
 7 APPPATH\Controllers\Riwayat.php(91): CodeIgniter\BaseModel->find()
 8 APPPATH\Controllers\Riwayat.php(126): App\Controllers\Riwayat->process_data('24')
 9 SYSTEMPATH\CodeIgniter.php(896): App\Controllers\Riwayat->print('24')
10 SYSTEMPATH\CodeIgniter.php(466): CodeIgniter\CodeIgniter->runController(Object(App\Controllers\Riwayat))
11 SYSTEMPATH\CodeIgniter.php(349): CodeIgniter\CodeIgniter->handleRequest(null, Object(Config\Cache), false)
12 FCPATH\index.php(55): CodeIgniter\CodeIgniter->run()
ERROR - 2022-08-01 02:44:08 --> Unknown column 'idAnak' in 'where clause'
CRITICAL - 2022-08-01 02:44:08 --> Unknown column 'idAnak' in 'where clause'
in SYSTEMPATH\Database\MySQLi\Connection.php on line 292.
 1 SYSTEMPATH\Database\MySQLi\Connection.php(292): mysqli->query('SELECT *
FROM `data_anak`
WHERE `id_users` IS NULL
AND `idAnak` = \'1\'', 0)
 2 SYSTEMPATH\Database\BaseConnection.php(695): CodeIgniter\Database\MySQLi\Connection->execute('SELECT *
FROM `data_anak`
WHERE `id_users` IS NULL
AND `idAnak` = \'1\'')
 3 SYSTEMPATH\Database\BaseConnection.php(609): CodeIgniter\Database\BaseConnection->simpleQuery('SELECT *
FROM `data_anak`
WHERE `id_users` IS NULL
AND `idAnak` = \'1\'')
 4 SYSTEMPATH\Database\BaseBuilder.php(1585): CodeIgniter\Database\BaseConnection->query('SELECT *
FROM `data_anak`
WHERE `id_users` IS NULL
AND `idAnak` = :idAnak:', [...], false)
 5 SYSTEMPATH\Model.php(184): CodeIgniter\Database\BaseBuilder->get()
 6 SYSTEMPATH\BaseModel.php(523): CodeIgniter\Model->doFind(false, null)
 7 APPPATH\Controllers\Riwayat.php(91): CodeIgniter\BaseModel->find()
 8 APPPATH\Controllers\Riwayat.php(126): App\Controllers\Riwayat->process_data('24')
 9 SYSTEMPATH\CodeIgniter.php(896): App\Controllers\Riwayat->print('24')
10 SYSTEMPATH\CodeIgniter.php(466): CodeIgniter\CodeIgniter->runController(Object(App\Controllers\Riwayat))
11 SYSTEMPATH\CodeIgniter.php(349): CodeIgniter\CodeIgniter->handleRequest(null, Object(Config\Cache), false)
12 FCPATH\index.php(55): CodeIgniter\CodeIgniter->run()
ERROR - 2022-08-01 02:44:27 --> Unknown column 'idUser' in 'where clause'
CRITICAL - 2022-08-01 02:44:27 --> Unknown column 'idUser' in 'where clause'
in SYSTEMPATH\Database\MySQLi\Connection.php on line 292.
 1 SYSTEMPATH\Database\MySQLi\Connection.php(292): mysqli->query('SELECT *
FROM `users`
WHERE `idUser` IS NULL', 0)
 2 SYSTEMPATH\Database\BaseConnection.php(695): CodeIgniter\Database\MySQLi\Connection->execute('SELECT *
FROM `users`
WHERE `idUser` IS NULL')
 3 SYSTEMPATH\Database\BaseConnection.php(609): CodeIgniter\Database\BaseConnection->simpleQuery('SELECT *
FROM `users`
WHERE `idUser` IS NULL')
 4 SYSTEMPATH\Database\BaseBuilder.php(1585): CodeIgniter\Database\BaseConnection->query('SELECT *
FROM `users`
WHERE `idUser` IS NULL', [], false)
 5 SYSTEMPATH\Model.php(184): CodeIgniter\Database\BaseBuilder->get()
 6 SYSTEMPATH\BaseModel.php(523): CodeIgniter\Model->doFind(false, null)
 7 APPPATH\Controllers\Riwayat.php(94): CodeIgniter\BaseModel->find()
 8 APPPATH\Controllers\Riwayat.php(126): App\Controllers\Riwayat->process_data('24')
 9 SYSTEMPATH\CodeIgniter.php(896): App\Controllers\Riwayat->print('24')
10 SYSTEMPATH\CodeIgniter.php(466): CodeIgniter\CodeIgniter->runController(Object(App\Controllers\Riwayat))
11 SYSTEMPATH\CodeIgniter.php(349): CodeIgniter\CodeIgniter->handleRequest(null, Object(Config\Cache), false)
12 FCPATH\index.php(55): CodeIgniter\CodeIgniter->run()
ERROR - 2022-08-01 02:44:49 --> Unknown column 'id_users' in 'where clause'
CRITICAL - 2022-08-01 02:44:49 --> Unknown column 'id_users' in 'where clause'
in SYSTEMPATH\Database\MySQLi\Connection.php on line 292.
 1 SYSTEMPATH\Database\MySQLi\Connection.php(292): mysqli->query('SELECT *
FROM `users`
WHERE `id_users` IS NULL', 0)
 2 SYSTEMPATH\Database\BaseConnection.php(695): CodeIgniter\Database\MySQLi\Connection->execute('SELECT *
FROM `users`
WHERE `id_users` IS NULL')
 3 SYSTEMPATH\Database\BaseConnection.php(609): CodeIgniter\Database\BaseConnection->simpleQuery('SELECT *
FROM `users`
WHERE `id_users` IS NULL')
 4 SYSTEMPATH\Database\BaseBuilder.php(1585): CodeIgniter\Database\BaseConnection->query('SELECT *
FROM `users`
WHERE `id_users` IS NULL', [], false)
 5 SYSTEMPATH\Model.php(184): CodeIgniter\Database\BaseBuilder->get()
 6 SYSTEMPATH\BaseModel.php(523): CodeIgniter\Model->doFind(false, null)
 7 APPPATH\Controllers\Riwayat.php(94): CodeIgniter\BaseModel->find()
 8 APPPATH\Controllers\Riwayat.php(126): App\Controllers\Riwayat->process_data('24')
 9 SYSTEMPATH\CodeIgniter.php(896): App\Controllers\Riwayat->print('24')
10 SYSTEMPATH\CodeIgniter.php(466): CodeIgniter\CodeIgniter->runController(Object(App\Controllers\Riwayat))
11 SYSTEMPATH\CodeIgniter.php(349): CodeIgniter\CodeIgniter->handleRequest(null, Object(Config\Cache), false)
12 FCPATH\index.php(55): CodeIgniter\CodeIgniter->run()
CRITICAL - 2022-08-01 02:45:07 --> Undefined index: list_jawaban
in APPPATH\Controllers\Riwayat.php on line 98.
 1 APPPATH\Controllers\Riwayat.php(98): CodeIgniter\Debug\Exceptions->errorHandler(8, 'Undefined index: list_jawaban', 'APPPATH\\Controllers\\Riwayat.php', 98, [...])
 2 APPPATH\Controllers\Riwayat.php(126): App\Controllers\Riwayat->process_data('24')
 3 SYSTEMPATH\CodeIgniter.php(896): App\Controllers\Riwayat->print('24')
 4 SYSTEMPATH\CodeIgniter.php(466): CodeIgniter\CodeIgniter->runController(Object(App\Controllers\Riwayat))
 5 SYSTEMPATH\CodeIgniter.php(349): CodeIgniter\CodeIgniter->handleRequest(null, Object(Config\Cache), false)
 6 FCPATH\index.php(55): CodeIgniter\CodeIgniter->run()
CRITICAL - 2022-08-01 02:48:05 --> Undefined index: list_jawaban
in APPPATH\Controllers\Riwayat.php on line 98.
 1 APPPATH\Controllers\Riwayat.php(98): CodeIgniter\Debug\Exceptions->errorHandler(8, 'Undefined index: list_jawaban', 'APPPATH\\Controllers\\Riwayat.php', 98, [...])
 2 APPPATH\Controllers\Riwayat.php(126): App\Controllers\Riwayat->process_data('24')
 3 SYSTEMPATH\CodeIgniter.php(896): App\Controllers\Riwayat->print('24')
 4 SYSTEMPATH\CodeIgniter.php(466): CodeIgniter\CodeIgniter->runController(Object(App\Controllers\Riwayat))
 5 SYSTEMPATH\CodeIgniter.php(349): CodeIgniter\CodeIgniter->handleRequest(null, Object(Config\Cache), false)
 6 FCPATH\index.php(55): CodeIgniter\CodeIgniter->run()
CRITICAL - 2022-08-01 02:48:22 --> Undefined offset: 1
in APPPATH\Controllers\Riwayat.php on line 100.
 1 APPPATH\Controllers\Riwayat.php(100): CodeIgniter\Debug\Exceptions->errorHandler(8, 'Undefined offset: 1', 'APPPATH\\Controllers\\Riwayat.php', 100, [...])
 2 APPPATH\Controllers\Riwayat.php(126): App\Controllers\Riwayat->process_data('24')
 3 SYSTEMPATH\CodeIgniter.php(896): App\Controllers\Riwayat->print('24')
 4 SYSTEMPATH\CodeIgniter.php(466): CodeIgniter\CodeIgniter->runController(Object(App\Controllers\Riwayat))
 5 SYSTEMPATH\CodeIgniter.php(349): CodeIgniter\CodeIgniter->handleRequest(null, Object(Config\Cache), false)
 6 FCPATH\index.php(55): CodeIgniter\CodeIgniter->run()
CRITICAL - 2022-08-01 02:48:58 --> Undefined index: nama
in APPPATH\Controllers\Riwayat.php on line 103.
 1 APPPATH\Controllers\Riwayat.php(103): CodeIgniter\Debug\Exceptions->errorHandler(8, 'Undefined index: nama', 'APPPATH\\Controllers\\Riwayat.php', 103, [...])
 2 APPPATH\Controllers\Riwayat.php(126): App\Controllers\Riwayat->process_data('24')
 3 SYSTEMPATH\CodeIgniter.php(896): App\Controllers\Riwayat->print('24')
 4 SYSTEMPATH\CodeIgniter.php(466): CodeIgniter\CodeIgniter->runController(Object(App\Controllers\Riwayat))
 5 SYSTEMPATH\CodeIgniter.php(349): CodeIgniter\CodeIgniter->handleRequest(null, Object(Config\Cache), false)
 6 FCPATH\index.php(55): CodeIgniter\CodeIgniter->run()
CRITICAL - 2022-08-01 02:49:35 --> Undefined offset: 0
in APPPATH\Controllers\Riwayat.php on line 103.
 1 APPPATH\Controllers\Riwayat.php(103): CodeIgniter\Debug\Exceptions->errorHandler(8, 'Undefined offset: 0', 'APPPATH\\Controllers\\Riwayat.php', 103, [...])
 2 APPPATH\Controllers\Riwayat.php(126): App\Controllers\Riwayat->process_data('24')
 3 SYSTEMPATH\CodeIgniter.php(896): App\Controllers\Riwayat->print('24')
 4 SYSTEMPATH\CodeIgniter.php(466): CodeIgniter\CodeIgniter->runController(Object(App\Controllers\Riwayat))
 5 SYSTEMPATH\CodeIgniter.php(349): CodeIgniter\CodeIgniter->handleRequest(null, Object(Config\Cache), false)
 6 FCPATH\index.php(55): CodeIgniter\CodeIgniter->run()
CRITICAL - 2022-08-01 02:50:53 --> Trying to access array offset on value of type null
in APPPATH\Controllers\Riwayat.php on line 103.
 1 APPPATH\Controllers\Riwayat.php(103): CodeIgniter\Debug\Exceptions->errorHandler(8, 'Trying to access array offset on value of type null', 'APPPATH\\Controllers\\Riwayat.php', 103, [...])
 2 APPPATH\Controllers\Riwayat.php(126): App\Controllers\Riwayat->process_data('24')
 3 SYSTEMPATH\CodeIgniter.php(896): App\Controllers\Riwayat->print('24')
 4 SYSTEMPATH\CodeIgniter.php(466): CodeIgniter\CodeIgniter->runController(Object(App\Controllers\Riwayat))
 5 SYSTEMPATH\CodeIgniter.php(349): CodeIgniter\CodeIgniter->handleRequest(null, Object(Config\Cache), false)
 6 FCPATH\index.php(55): CodeIgniter\CodeIgniter->run()
CRITICAL - 2022-08-01 02:51:06 --> Trying to access array offset on value of type null
in APPPATH\Controllers\Riwayat.php on line 103.
 1 APPPATH\Controllers\Riwayat.php(103): CodeIgniter\Debug\Exceptions->errorHandler(8, 'Trying to access array offset on value of type null', 'APPPATH\\Controllers\\Riwayat.php', 103, [...])
 2 APPPATH\Controllers\Riwayat.php(126): App\Controllers\Riwayat->process_data('24')
 3 SYSTEMPATH\CodeIgniter.php(896): App\Controllers\Riwayat->print('24')
 4 SYSTEMPATH\CodeIgniter.php(466): CodeIgniter\CodeIgniter->runController(Object(App\Controllers\Riwayat))
 5 SYSTEMPATH\CodeIgniter.php(349): CodeIgniter\CodeIgniter->handleRequest(null, Object(Config\Cache), false)
 6 FCPATH\index.php(55): CodeIgniter\CodeIgniter->run()
CRITICAL - 2022-08-01 03:03:15 --> Undefined offset: 0
in APPPATH\Controllers\Riwayat.php on line 99.
 1 APPPATH\Controllers\Riwayat.php(99): CodeIgniter\Debug\Exceptions->errorHandler(8, 'Undefined offset: 0', 'APPPATH\\Controllers\\Riwayat.php', 99, [...])
 2 APPPATH\Controllers\Riwayat.php(143): App\Controllers\Riwayat->process_data('1')
 3 SYSTEMPATH\CodeIgniter.php(896): App\Controllers\Riwayat->print('1')
 4 SYSTEMPATH\CodeIgniter.php(466): CodeIgniter\CodeIgniter->runController(Object(App\Controllers\Riwayat))
 5 SYSTEMPATH\CodeIgniter.php(349): CodeIgniter\CodeIgniter->handleRequest(null, Object(Config\Cache), false)
 6 FCPATH\index.php(55): CodeIgniter\CodeIgniter->run()
CRITICAL - 2022-08-01 03:04:01 --> Undefined offset: 1
in APPPATH\Controllers\Riwayat.php on line 99.
 1 APPPATH\Controllers\Riwayat.php(99): CodeIgniter\Debug\Exceptions->errorHandler(8, 'Undefined offset: 1', 'APPPATH\\Controllers\\Riwayat.php', 99, [...])
 2 APPPATH\Controllers\Riwayat.php(143): App\Controllers\Riwayat->process_data('1')
 3 SYSTEMPATH\CodeIgniter.php(896): App\Controllers\Riwayat->print('1')
 4 SYSTEMPATH\CodeIgniter.php(466): CodeIgniter\CodeIgniter->runController(Object(App\Controllers\Riwayat))
 5 SYSTEMPATH\CodeIgniter.php(349): CodeIgniter\CodeIgniter->handleRequest(null, Object(Config\Cache), false)
 6 FCPATH\index.php(55): CodeIgniter\CodeIgniter->run()
CRITICAL - 2022-08-01 03:05:36 --> Undefined offset: 0
in APPPATH\Controllers\Riwayat.php on line 99.
 1 APPPATH\Controllers\Riwayat.php(99): CodeIgniter\Debug\Exceptions->errorHandler(8, 'Undefined offset: 0', 'APPPATH\\Controllers\\Riwayat.php', 99, [...])
 2 APPPATH\Controllers\Riwayat.php(143): App\Controllers\Riwayat->process_data('1')
 3 SYSTEMPATH\CodeIgniter.php(896): App\Controllers\Riwayat->print('1')
 4 SYSTEMPATH\CodeIgniter.php(466): CodeIgniter\CodeIgniter->runController(Object(App\Controllers\Riwayat))
 5 SYSTEMPATH\CodeIgniter.php(349): CodeIgniter\CodeIgniter->handleRequest(null, Object(Config\Cache), false)
 6 FCPATH\index.php(55): CodeIgniter\CodeIgniter->run()
CRITICAL - 2022-08-01 03:06:22 --> Uninitialized string offset: 1
in APPPATH\Controllers\Riwayat.php on line 103.
 1 APPPATH\Controllers\Riwayat.php(103): CodeIgniter\Debug\Exceptions->errorHandler(8, 'Uninitialized string offset: 1', 'APPPATH\\Controllers\\Riwayat.php', 103, [...])
 2 APPPATH\Controllers\Riwayat.php(143): App\Controllers\Riwayat->process_data('1')
 3 SYSTEMPATH\CodeIgniter.php(896): App\Controllers\Riwayat->print('1')
 4 SYSTEMPATH\CodeIgniter.php(466): CodeIgniter\CodeIgniter->runController(Object(App\Controllers\Riwayat))
 5 SYSTEMPATH\CodeIgniter.php(349): CodeIgniter\CodeIgniter->handleRequest(null, Object(Config\Cache), false)
 6 FCPATH\index.php(55): CodeIgniter\CodeIgniter->run()
CRITICAL - 2022-08-01 03:10:00 --> Undefined offset: 18
in APPPATH\Controllers\Riwayat.php on line 114.
 1 APPPATH\Controllers\Riwayat.php(114): CodeIgniter\Debug\Exceptions->errorHandler(8, 'Undefined offset: 18', 'APPPATH\\Controllers\\Riwayat.php', 114, [...])
 2 APPPATH\Controllers\Riwayat.php(146): App\Controllers\Riwayat->process_data('1')
 3 SYSTEMPATH\CodeIgniter.php(896): App\Controllers\Riwayat->print('1')
 4 SYSTEMPATH\CodeIgniter.php(466): CodeIgniter\CodeIgniter->runController(Object(App\Controllers\Riwayat))
 5 SYSTEMPATH\CodeIgniter.php(349): CodeIgniter\CodeIgniter->handleRequest(null, Object(Config\Cache), false)
 6 FCPATH\index.php(55): CodeIgniter\CodeIgniter->run()
